[2020-01-17 11:26:30] [info   ] [Setup] Start executing KernelHaven with configuration file /tmp/SingleMetricAnalysis6941348006026739307.properties
[2020-01-17 11:26:30] [info   ] [Setup] System Info:
                                        	KernelHaven Version: Built at 2019-11-28 14:29:10
                                        	OS Name: Linux
                                        	OS Version: 4.4.0-169-generic
                                        	OS Arch: amd64
                                        	Java Home: /usr/lib/jvm/java-8-oracle/jre
                                        	Java Vendor: Oracle Corporation
                                        	Java Version: 1.8.0_201
                                        	Java VM Name: Java HotSpot(TM) 64-Bit Server VM
                                        	Java VM Version: 25.201-b09
                                        	Java VM Vendor: Oracle Corporation
                                        	Working Directory: /mnt/Linux-Analyses/MailCrawler/instance1/kh
                                        	Temporary Directory: /mnt/Linux-Analyses/MailCrawler/instance1/kh/tmp
                                        	File Encoding: UTF-8
                                        	Java Class Path: KernelHaven.jar
                                        	Maximum Memory: 38.33 GiB
                                        	Available Processors: 48
[2020-01-17 11:26:30] [info   ] [Setup] Start setting up pipeline...
[2020-01-17 11:26:30] [info   ] [Setup] Loading jars from directory /mnt/Linux-Analyses/MailCrawler/instance1/kh/plugins
[2020-01-17 11:26:30] [info   ] [Setup] IncrementalAnalysesInfrastructure.jar version: Built at 2019-12-12 13:33:10
[2020-01-17 11:26:30] [info   ] [Setup] UndertakerExtractor.jar version: Built at 2019-11-28 14:31:37
[2020-01-17 11:26:30] [info   ] [Setup] CnfUtils.jar version: Built at 2019-11-28 14:35:46
[2020-01-17 11:26:30] [info   ] [Setup] KconfigReaderExtractor.jar version: Built at 2019-11-28 14:33:44
[2020-01-17 11:26:30] [info   ] [Setup] CppUtils.jar version: Built at 2019-11-28 14:35:21
[2020-01-17 11:26:30] [info   ] [Setup] ProblemSolutionSpaceDivergenceCorrectorAnalysis.jar version: Built at 2019-11-28 16:37:10
[2020-01-17 11:26:30] [info   ] [Setup] TypeChefExtractor.jar version: Built at 2019-11-28 14:31:53
[2020-01-17 11:26:30] [info   ] [Setup] ProblemSolutionSpaceMapperAnalysis.jar version: Built at 2019-11-28 16:11:10
[2020-01-17 11:26:30] [info   ] [Setup] DBUtils.jar version: Built at 2019-11-28 14:35:09
[2020-01-17 11:26:30] [info   ] [Setup] IOUtils.jar version: Built at 2019-11-28 14:34:16
[2020-01-17 11:26:30] [info   ] [Setup] FeatureEffectAnalysis.jar version: Built at 2019-11-28 14:34:47
[2020-01-17 11:26:30] [info   ] [Setup] SrcMLExtractor.jar version: Built at 2019-11-28 14:32:21
[2020-01-17 11:26:30] [info   ] [Setup] BusybootPreparation.jar version: Built at 2019-11-28 14:36:12
[2020-01-17 11:26:30] [info   ] [Setup] ProblemSolutionSpaceDivergenceDetectorAnalysis.jar version: Built at 2019-11-28 16:32:10
[2020-01-17 11:26:30] [info   ] [Setup] MetricHaven.jar version: Built at 2020-01-15 10:20:10
[2020-01-17 11:26:30] [info   ] [Setup] CodeBlockExtractor.jar version: Built at 2019-11-28 14:35:37
[2020-01-17 11:26:30] [info   ] [Setup] UnDeadAnalyzer.jar version: Built at 2019-11-28 15:01:11
[2020-01-17 11:26:30] [info   ] [Setup] EntityLocatorAnalysis.jar version: Built at 2019-11-28 14:34:59
[2020-01-17 11:26:30] [info   ] [Setup] KbuildMinerExtractor.jar version: Built at 2019-11-28 14:33:56
[2020-01-17 11:26:30] [info   ] [Setup] Successfully loaded 19 jars
[2020-01-17 11:26:30] [info   ] [Setup] Loading all classes specified in loadClasses.txt ...
[2020-01-17 11:26:30] [info   ] [Setup] Loaded 4 classes specified in loadClasses.txt files
[2020-01-17 11:26:30] [info   ] [Setup] Instantiating extractors...
[2020-01-17 11:26:30] [info   ] [Setup] Successfully instantiated variability extractor net.ssehub.kernel_haven.kconfigreader.KconfigReaderExtractor
[2020-01-17 11:26:30] [info   ] [Setup] Successfully instantiated build extractor net.ssehub.kernel_haven.kbuildminer.KbuildMinerExtractor
[2020-01-17 11:26:30] [info   ] [Setup] Successfully instantiated code extractor net.ssehub.kernel_haven.srcml.SrcMLExtractor
[2020-01-17 11:26:30] [info   ] [Setup] Creating providers...
[2020-01-17 11:26:30] [info   ] [Setup] Created variability provider
[2020-01-17 11:26:30] [info   ] [Setup] Created build provider
[2020-01-17 11:26:30] [info   ] [Setup] Created code provider
[2020-01-17 11:26:30] [info   ] [Setup] Instantiating analysis...
[2020-01-17 11:26:30] [info   ] [Setup] Successfully instantiated analysis net.ssehub.kernel_haven.metric_haven.metric_components.MetricsRunner
[2020-01-17 11:26:30] [info   ] [Setup] Starting analysis...
[2020-01-17 11:26:30] [info   ] [AnalysisPipelineController] MetricHaven executes atomic set and ignores further metric-specific configuration settings.
[2020-01-17 11:26:30] [status ] [KconfigReaderExtractor] Starting on 1 targets in 1 threads
[2020-01-17 11:26:30] [status ] [KbuildMinerExtractor] Starting on 1 targets in 1 threads
[2020-01-17 11:26:30] [info   ] [IndividualCodeMetricsRunner] Analysis component IndividualCodeMetricsRunner starting
[2020-01-17 11:26:31] [status ] [SrcMLExtractor] Starting on 32650 targets in 6 threads
[2020-01-17 11:27:00] [info   ] [ProgressLogger] KconfigReaderExtractor processed 0 of 1 (0%) items
                                                 KbuildMinerExtractor processed 0 of 1 (0%) items
                                                 SrcMLExtractor processed 4842 of 32650 (14%) items
[2020-01-17 11:27:19] [error  ] [KconfigReaderExtractor-1] Exception while parsing KconfigReader output:
                                                           net.ssehub.kernel_haven.util.FormatException: Found variable CONFIG_TEST_MODULE_MODULE in DIMACS but not in RSF
                                                               at net.ssehub.kernel_haven.kconfigreader.Converter.convert(Converter.java:146)
                                                               at net.ssehub.kernel_haven.kconfigreader.KconfigReaderExtractor.runOnFile(KconfigReaderExtractor.java:208)
                                                               at net.ssehub.kernel_haven.kconfigreader.KconfigReaderExtractor.runOnFile(KconfigReaderExtractor.java:58)
                                                               at net.ssehub.kernel_haven.provider.AbstractExtractor$WorkerThread.run(AbstractExtractor.java:142)
[2020-01-17 11:27:19] [error  ] [ExtractorDataDuplicator] Got VM-Extractor exception:
                                                          net.ssehub.kernel_haven.util.ExtractorException: net.ssehub.kernel_haven.util.FormatException: Found variable CONFIG_TEST_MODULE_MODULE in DIMACS but not in RSF
                                                              at net.ssehub.kernel_haven.kconfigreader.KconfigReaderExtractor.runOnFile(KconfigReaderExtractor.java:212)
                                                              at net.ssehub.kernel_haven.kconfigreader.KconfigReaderExtractor.runOnFile(KconfigReaderExtractor.java:58)
                                                              at net.ssehub.kernel_haven.provider.AbstractExtractor$WorkerThread.run(AbstractExtractor.java:142)
                                                          Caused by:
                                                          net.ssehub.kernel_haven.util.FormatException: Found variable CONFIG_TEST_MODULE_MODULE in DIMACS but not in RSF
                                                              at net.ssehub.kernel_haven.kconfigreader.Converter.convert(Converter.java:146)
                                                              at net.ssehub.kernel_haven.kconfigreader.KconfigReaderExtractor.runOnFile(KconfigReaderExtractor.java:208)
                                                              at net.ssehub.kernel_haven.kconfigreader.KconfigReaderExtractor.runOnFile(KconfigReaderExtractor.java:58)
                                                              at net.ssehub.kernel_haven.provider.AbstractExtractor$WorkerThread.run(AbstractExtractor.java:142)
[2020-01-17 11:27:19] [info   ] [ProgressLogger] KconfigReaderExtractor processed 1 of 1 (100%) items and finished in 00:48.300
                                                 KbuildMinerExtractor processed 0 of 1 (0%) items
                                                 SrcMLExtractor processed 8882 of 32650 (27%) items
[2020-01-17 11:27:40] [error  ] [ExtractorDataDuplicator] Got BM-Extractor exception:
                                                          net.ssehub.kernel_haven.util.ExtractorException: Did not get a variability model
                                                              at net.ssehub.kernel_haven.kbuildminer.KbuildMinerExtractor.runOnFile(KbuildMinerExtractor.java:112)
                                                              at net.ssehub.kernel_haven.kbuildminer.KbuildMinerExtractor.runOnFile(KbuildMinerExtractor.java:44)
                                                              at net.ssehub.kernel_haven.provider.AbstractExtractor$WorkerThread.run(AbstractExtractor.java:142)
[2020-01-17 11:27:40] [info   ] [ProgressLogger] KbuildMinerExtractor processed 1 of 1 (100%) items and finished in 01:09.800
                                                 SrcMLExtractor processed 12926 of 32650 (39%) items
[2020-01-17 11:27:40] [info   ] [FunctionMapCreator] Analysis component FunctionMapCreator starting
[2020-01-17 11:27:40] [info   ] [FeatureSizeEstimator] Analysis component FeatureSizeEstimator starting
[2020-01-17 11:27:40] [info   ] [VariabilityCounter] Analysis component VariabilityCounter starting
[2020-01-17 11:27:40] [error  ] [FeatureSizeEstimator] Did not get a variability model
                                                       Can't create any results
[2020-01-17 11:27:40] [info   ] [FeatureSizeEstimator] Analysis component FeatureSizeEstimator done
                                                       Execution took 00:00.000
[2020-01-17 11:27:40] [error  ] [VariabilityCounter] Did not get a variability model
                                                     Can't create any results
[2020-01-17 11:27:40] [info   ] [OrderedCodeFunctionFilter] Analysis component OrderedCodeFunctionFilter starting
[2020-01-17 11:27:40] [info   ] [VariabilityCounter] Analysis component VariabilityCounter done
                                                     Execution took 00:00.000
[2020-01-17 11:27:40] [info   ] [CodeFunctionFilter] Analysis component CodeFunctionFilter starting
[2020-01-17 11:28:10] [info   ] [ProgressLogger] SrcMLExtractor processed 16549 of 32650 (50%) items
                                                 CodeFunctionFilter processed 16461 items
[2020-01-17 11:28:40] [info   ] [ProgressLogger] SrcMLExtractor processed 19191 of 32650 (58%) items
                                                 CodeFunctionFilter processed 19092 items
[2020-01-17 11:29:10] [info   ] [ProgressLogger] SrcMLExtractor processed 22622 of 32650 (69%) items
                                                 CodeFunctionFilter processed 22507 items
[2020-01-17 11:29:40] [info   ] [ProgressLogger] SrcMLExtractor processed 25662 of 32650 (78%) items
                                                 CodeFunctionFilter processed 25536 items
[2020-01-17 11:30:10] [info   ] [ProgressLogger] SrcMLExtractor processed 28148 of 32650 (86%) items
                                                 CodeFunctionFilter processed 28009 items
[2020-01-17 11:30:40] [info   ] [ProgressLogger] SrcMLExtractor processed 31450 of 32650 (96%) items
                                                 CodeFunctionFilter processed 31288 items
[2020-01-17 11:30:51] [info   ] [ProgressLogger] SrcMLExtractor processed 32650 of 32650 (100%) items and finished in 04:19.826
                                                 CodeFunctionFilter processed 32484 items
[2020-01-17 11:30:51] [warning] [ExtractorDataDuplicator] CM-Extractor: Got 32485 elements and 165 exceptions
[2020-01-17 11:30:51] [info   ] [CodeFunctionFilter] Discarded 3592 functions that contained an ErrorElement
[2020-01-17 11:30:51] [info   ] [CodeFunctionFilter] Analysis component CodeFunctionFilter done
                                                     Execution took 03:10.572
[2020-01-17 11:30:51] [info   ] [ProgressLogger] CodeFunctionFilter processed 32485 items and finished in 03:10.571
[2020-01-17 11:30:51] [info   ] [ProgressLogger] OrderedCodeFunctionFilter processed 2209650 items and finished in 00:00.827
[2020-01-17 11:30:51] [info   ] [OrderedCodeFunctionFilter] Analysis component OrderedCodeFunctionFilter done
                                                            Execution took 03:11.400
[2020-01-17 11:30:58] [info   ] [FunctionMapCreator] Analysis component FunctionMapCreator done
                                                     Execution took 03:18.064
[2020-01-17 11:30:58] [info   ] [ProgressLogger] FunctionMapCreator processed 370556 of 370556 (100%) items and finished in 00:06.222
[2020-01-17 11:30:58] [error  ] [IndividualCodeMetricsRunner] Could not create metric instances:
                                                              net.ssehub.kernel_haven.SetUpException: ScatteringWeight requires a ScatteringDegreeContainer
                                                                  at net.ssehub.kernel_haven.metric_haven.metric_components.weights.ScatteringWeight.<init>(ScatteringWeight.java:46)
                                                                  at net.ssehub.kernel_haven.metric_haven.metric_components.weights.CachedWeightFactory.createSdWeight(CachedWeightFactory.java:62)
                                                                  at net.ssehub.kernel_haven.metric_haven.metric_components.weights.CachedWeightFactory.createVariabilityWeight(CachedWeightFactory.java:347)
                                                                  at net.ssehub.kernel_haven.metric_haven.metric_components.weights.CachedWeightFactory.createVariabilityWeight(CachedWeightFactory.java:434)
                                                                  at net.ssehub.kernel_haven.metric_haven.code_metrics.MetricFactory.createAllVariations(MetricFactory.java:683)
                                                                  at net.ssehub.kernel_haven.metric_haven.metric_components.IndividualCodeMetricsRunner.createAllAtomicVariations(IndividualCodeMetricsRunner.java:342)
                                                                  at net.ssehub.kernel_haven.metric_haven.metric_components.IndividualCodeMetricsRunner.instantiateMetrics(IndividualCodeMetricsRunner.java:587)
                                                                  at net.ssehub.kernel_haven.metric_haven.metric_components.CodeMetricsRunner.execute(CodeMetricsRunner.java:353)
                                                                  at net.ssehub.kernel_haven.analysis.AnalysisComponent.lambda$start$0(AnalysisComponent.java:229)
                                                                  at java.lang.Thread.run(Thread.java:748)
[2020-01-17 11:30:58] [info   ] [IndividualCodeMetricsRunner] Analysis component IndividualCodeMetricsRunner done
                                                              Execution took 04:27.874
[2020-01-17 11:30:58] [info   ] [Setup] Analysis has finished
[2020-01-17 11:30:58] [info   ] [Setup] Not archiving pipeline (not enabled by user)
[2020-01-17 11:30:58] [status ] [Setup] Pipeline done; exiting...
