[2020-01-18 00:23:49] [info   ] [Setup] Start executing KernelHaven with configuration file /tmp/SingleMetricAnalysis2272525688206801059.properties
[2020-01-18 00:23:49] [info   ] [Setup] System Info:
                                        	KernelHaven Version: Built at 2019-11-28 14:29:10
                                        	OS Name: Linux
                                        	OS Version: 4.4.0-169-generic
                                        	OS Arch: amd64
                                        	Java Home: /usr/lib/jvm/java-8-oracle/jre
                                        	Java Vendor: Oracle Corporation
                                        	Java Version: 1.8.0_201
                                        	Java VM Name: Java HotSpot(TM) 64-Bit Server VM
                                        	Java VM Version: 25.201-b09
                                        	Java VM Vendor: Oracle Corporation
                                        	Working Directory: /mnt/Linux-Analyses/MailCrawler/instance3/kh
                                        	Temporary Directory: /mnt/Linux-Analyses/MailCrawler/instance3/kh/tmp
                                        	File Encoding: UTF-8
                                        	Java Class Path: KernelHaven.jar
                                        	Maximum Memory: 38.33 GiB
                                        	Available Processors: 48
[2020-01-18 00:23:49] [info   ] [Setup] Start setting up pipeline...
[2020-01-18 00:23:49] [info   ] [Setup] Loading jars from directory /mnt/Linux-Analyses/MailCrawler/instance3/kh/plugins
[2020-01-18 00:23:49] [info   ] [Setup] IncrementalAnalysesInfrastructure.jar version: Built at 2019-12-12 13:33:10
[2020-01-18 00:23:49] [info   ] [Setup] UndertakerExtractor.jar version: Built at 2019-11-28 14:31:37
[2020-01-18 00:23:49] [info   ] [Setup] CnfUtils.jar version: Built at 2019-11-28 14:35:46
[2020-01-18 00:23:49] [info   ] [Setup] KconfigReaderExtractor.jar version: Built at 2019-11-28 14:33:44
[2020-01-18 00:23:49] [info   ] [Setup] CppUtils.jar version: Built at 2019-11-28 14:35:21
[2020-01-18 00:23:49] [info   ] [Setup] ProblemSolutionSpaceDivergenceCorrectorAnalysis.jar version: Built at 2019-11-28 16:37:10
[2020-01-18 00:23:49] [info   ] [Setup] TypeChefExtractor.jar version: Built at 2019-11-28 14:31:53
[2020-01-18 00:23:49] [info   ] [Setup] ProblemSolutionSpaceMapperAnalysis.jar version: Built at 2019-11-28 16:11:10
[2020-01-18 00:23:49] [info   ] [Setup] DBUtils.jar version: Built at 2019-11-28 14:35:09
[2020-01-18 00:23:49] [info   ] [Setup] IOUtils.jar version: Built at 2019-11-28 14:34:16
[2020-01-18 00:23:49] [info   ] [Setup] FeatureEffectAnalysis.jar version: Built at 2019-11-28 14:34:47
[2020-01-18 00:23:49] [info   ] [Setup] SrcMLExtractor.jar version: Built at 2019-11-28 14:32:21
[2020-01-18 00:23:49] [info   ] [Setup] BusybootPreparation.jar version: Built at 2019-11-28 14:36:12
[2020-01-18 00:23:49] [info   ] [Setup] ProblemSolutionSpaceDivergenceDetectorAnalysis.jar version: Built at 2019-11-28 16:32:10
[2020-01-18 00:23:49] [info   ] [Setup] MetricHaven.jar version: Built at 2020-01-15 10:20:10
[2020-01-18 00:23:49] [info   ] [Setup] CodeBlockExtractor.jar version: Built at 2019-11-28 14:35:37
[2020-01-18 00:23:49] [info   ] [Setup] UnDeadAnalyzer.jar version: Built at 2019-11-28 15:01:11
[2020-01-18 00:23:49] [info   ] [Setup] EntityLocatorAnalysis.jar version: Built at 2019-11-28 14:34:59
[2020-01-18 00:23:49] [info   ] [Setup] KbuildMinerExtractor.jar version: Built at 2019-11-28 14:33:56
[2020-01-18 00:23:49] [info   ] [Setup] Successfully loaded 19 jars
[2020-01-18 00:23:49] [info   ] [Setup] Loading all classes specified in loadClasses.txt ...
[2020-01-18 00:23:50] [info   ] [Setup] Loaded 4 classes specified in loadClasses.txt files
[2020-01-18 00:23:50] [info   ] [Setup] Instantiating extractors...
[2020-01-18 00:23:50] [info   ] [Setup] Successfully instantiated variability extractor net.ssehub.kernel_haven.kconfigreader.KconfigReaderExtractor
[2020-01-18 00:23:50] [info   ] [Setup] Successfully instantiated build extractor net.ssehub.kernel_haven.kbuildminer.KbuildMinerExtractor
[2020-01-18 00:23:50] [info   ] [Setup] Successfully instantiated code extractor net.ssehub.kernel_haven.srcml.SrcMLExtractor
[2020-01-18 00:23:50] [info   ] [Setup] Creating providers...
[2020-01-18 00:23:50] [info   ] [Setup] Created variability provider
[2020-01-18 00:23:50] [info   ] [Setup] Created build provider
[2020-01-18 00:23:50] [info   ] [Setup] Created code provider
[2020-01-18 00:23:50] [info   ] [Setup] Instantiating analysis...
[2020-01-18 00:23:50] [info   ] [Setup] Successfully instantiated analysis net.ssehub.kernel_haven.metric_haven.metric_components.MetricsRunner
[2020-01-18 00:23:50] [info   ] [Setup] Starting analysis...
[2020-01-18 00:23:50] [info   ] [AnalysisPipelineController] MetricHaven executes atomic set and ignores further metric-specific configuration settings.
[2020-01-18 00:23:50] [status ] [KconfigReaderExtractor] Starting on 1 targets in 1 threads
[2020-01-18 00:23:50] [status ] [KbuildMinerExtractor] Starting on 1 targets in 1 threads
[2020-01-18 00:23:50] [info   ] [IndividualCodeMetricsRunner] Analysis component IndividualCodeMetricsRunner starting
[2020-01-18 00:23:50] [status ] [SrcMLExtractor] Starting on 32446 targets in 6 threads
[2020-01-18 00:24:19] [info   ] [ProgressLogger] KconfigReaderExtractor processed 0 of 1 (0%) items
                                                 KbuildMinerExtractor processed 0 of 1 (0%) items
                                                 SrcMLExtractor processed 4716 of 32446 (14%) items
[2020-01-18 00:24:38] [error  ] [KconfigReaderExtractor-1] Exception while parsing KconfigReader output:
                                                           net.ssehub.kernel_haven.util.FormatException: Found variable CONFIG_TEST_MODULE_MODULE in DIMACS but not in RSF
                                                               at net.ssehub.kernel_haven.kconfigreader.Converter.convert(Converter.java:146)
                                                               at net.ssehub.kernel_haven.kconfigreader.KconfigReaderExtractor.runOnFile(KconfigReaderExtractor.java:208)
                                                               at net.ssehub.kernel_haven.kconfigreader.KconfigReaderExtractor.runOnFile(KconfigReaderExtractor.java:58)
                                                               at net.ssehub.kernel_haven.provider.AbstractExtractor$WorkerThread.run(AbstractExtractor.java:142)
[2020-01-18 00:24:38] [error  ] [ExtractorDataDuplicator] Got VM-Extractor exception:
                                                          net.ssehub.kernel_haven.util.ExtractorException: net.ssehub.kernel_haven.util.FormatException: Found variable CONFIG_TEST_MODULE_MODULE in DIMACS but not in RSF
                                                              at net.ssehub.kernel_haven.kconfigreader.KconfigReaderExtractor.runOnFile(KconfigReaderExtractor.java:212)
                                                              at net.ssehub.kernel_haven.kconfigreader.KconfigReaderExtractor.runOnFile(KconfigReaderExtractor.java:58)
                                                              at net.ssehub.kernel_haven.provider.AbstractExtractor$WorkerThread.run(AbstractExtractor.java:142)
                                                          Caused by:
                                                          net.ssehub.kernel_haven.util.FormatException: Found variable CONFIG_TEST_MODULE_MODULE in DIMACS but not in RSF
                                                              at net.ssehub.kernel_haven.kconfigreader.Converter.convert(Converter.java:146)
                                                              at net.ssehub.kernel_haven.kconfigreader.KconfigReaderExtractor.runOnFile(KconfigReaderExtractor.java:208)
                                                              at net.ssehub.kernel_haven.kconfigreader.KconfigReaderExtractor.runOnFile(KconfigReaderExtractor.java:58)
                                                              at net.ssehub.kernel_haven.provider.AbstractExtractor$WorkerThread.run(AbstractExtractor.java:142)
[2020-01-18 00:24:38] [info   ] [ProgressLogger] KconfigReaderExtractor processed 1 of 1 (100%) items and finished in 00:48.492
                                                 KbuildMinerExtractor processed 0 of 1 (0%) items
                                                 SrcMLExtractor processed 8539 of 32446 (26%) items
[2020-01-18 00:24:54] [error  ] [ExtractorDataDuplicator] Got BM-Extractor exception:
                                                          net.ssehub.kernel_haven.util.ExtractorException: Did not get a variability model
                                                              at net.ssehub.kernel_haven.kbuildminer.KbuildMinerExtractor.runOnFile(KbuildMinerExtractor.java:112)
                                                              at net.ssehub.kernel_haven.kbuildminer.KbuildMinerExtractor.runOnFile(KbuildMinerExtractor.java:44)
                                                              at net.ssehub.kernel_haven.provider.AbstractExtractor$WorkerThread.run(AbstractExtractor.java:142)
[2020-01-18 00:24:54] [info   ] [ProgressLogger] KbuildMinerExtractor processed 1 of 1 (100%) items and finished in 01:04.216
                                                 SrcMLExtractor processed 11960 of 32446 (36%) items
[2020-01-18 00:24:54] [info   ] [VariabilityCounter] Analysis component VariabilityCounter starting
[2020-01-18 00:24:54] [info   ] [FeatureSizeEstimator] Analysis component FeatureSizeEstimator starting
[2020-01-18 00:24:54] [info   ] [FunctionMapCreator] Analysis component FunctionMapCreator starting
[2020-01-18 00:24:54] [error  ] [VariabilityCounter] Did not get a variability model
                                                     Can't create any results
[2020-01-18 00:24:54] [info   ] [VariabilityCounter] Analysis component VariabilityCounter done
                                                     Execution took 00:00.001
[2020-01-18 00:24:54] [error  ] [FeatureSizeEstimator] Did not get a variability model
                                                       Can't create any results
[2020-01-18 00:24:54] [info   ] [OrderedCodeFunctionFilter] Analysis component OrderedCodeFunctionFilter starting
[2020-01-18 00:24:54] [info   ] [FeatureSizeEstimator] Analysis component FeatureSizeEstimator done
                                                       Execution took 00:00.001
[2020-01-18 00:24:54] [info   ] [CodeFunctionFilter] Analysis component CodeFunctionFilter starting
[2020-01-18 00:25:24] [info   ] [ProgressLogger] SrcMLExtractor processed 14741 of 32446 (45%) items
                                                 CodeFunctionFilter processed 14653 items
[2020-01-18 00:25:54] [info   ] [ProgressLogger] SrcMLExtractor processed 17708 of 32446 (54%) items
                                                 CodeFunctionFilter processed 17609 items
[2020-01-18 00:26:24] [info   ] [ProgressLogger] SrcMLExtractor processed 19737 of 32446 (60%) items
                                                 CodeFunctionFilter processed 19631 items
[2020-01-18 00:26:54] [info   ] [ProgressLogger] SrcMLExtractor processed 23167 of 32446 (71%) items
                                                 CodeFunctionFilter processed 23047 items
[2020-01-18 00:27:24] [info   ] [ProgressLogger] SrcMLExtractor processed 26299 of 32446 (81%) items
                                                 CodeFunctionFilter processed 26160 items
[2020-01-18 00:27:54] [info   ] [ProgressLogger] SrcMLExtractor processed 29123 of 32446 (89%) items
                                                 CodeFunctionFilter processed 28975 items
[2020-01-18 00:28:22] [info   ] [ProgressLogger] SrcMLExtractor processed 32446 of 32446 (100%) items and finished in 04:32.101
                                                 CodeFunctionFilter processed 32277 items
[2020-01-18 00:28:22] [warning] [ExtractorDataDuplicator] CM-Extractor: Got 32278 elements and 168 exceptions
[2020-01-18 00:28:22] [info   ] [CodeFunctionFilter] Discarded 3627 functions that contained an ErrorElement
[2020-01-18 00:28:22] [info   ] [CodeFunctionFilter] Analysis component CodeFunctionFilter done
                                                     Execution took 03:28.414
[2020-01-18 00:28:22] [info   ] [ProgressLogger] CodeFunctionFilter processed 32278 items and finished in 03:28.414
[2020-01-18 00:28:23] [info   ] [ProgressLogger] OrderedCodeFunctionFilter processed 2188302 items and finished in 00:00.769
[2020-01-18 00:28:23] [info   ] [OrderedCodeFunctionFilter] Analysis component OrderedCodeFunctionFilter done
                                                            Execution took 03:29.185
[2020-01-18 00:28:30] [info   ] [FunctionMapCreator] Analysis component FunctionMapCreator done
                                                     Execution took 03:35.849
[2020-01-18 00:28:30] [info   ] [ProgressLogger] FunctionMapCreator processed 366709 of 366709 (100%) items and finished in 00:06.271
[2020-01-18 00:28:30] [error  ] [IndividualCodeMetricsRunner] Could not create metric instances:
                                                              net.ssehub.kernel_haven.SetUpException: ScatteringWeight requires a ScatteringDegreeContainer
                                                                  at net.ssehub.kernel_haven.metric_haven.metric_components.weights.ScatteringWeight.<init>(ScatteringWeight.java:46)
                                                                  at net.ssehub.kernel_haven.metric_haven.metric_components.weights.CachedWeightFactory.createSdWeight(CachedWeightFactory.java:62)
                                                                  at net.ssehub.kernel_haven.metric_haven.metric_components.weights.CachedWeightFactory.createVariabilityWeight(CachedWeightFactory.java:347)
                                                                  at net.ssehub.kernel_haven.metric_haven.metric_components.weights.CachedWeightFactory.createVariabilityWeight(CachedWeightFactory.java:434)
                                                                  at net.ssehub.kernel_haven.metric_haven.code_metrics.MetricFactory.createAllVariations(MetricFactory.java:683)
                                                                  at net.ssehub.kernel_haven.metric_haven.metric_components.IndividualCodeMetricsRunner.createAllAtomicVariations(IndividualCodeMetricsRunner.java:342)
                                                                  at net.ssehub.kernel_haven.metric_haven.metric_components.IndividualCodeMetricsRunner.instantiateMetrics(IndividualCodeMetricsRunner.java:587)
                                                                  at net.ssehub.kernel_haven.metric_haven.metric_components.CodeMetricsRunner.execute(CodeMetricsRunner.java:353)
                                                                  at net.ssehub.kernel_haven.analysis.AnalysisComponent.lambda$start$0(AnalysisComponent.java:229)
                                                                  at java.lang.Thread.run(Thread.java:748)
[2020-01-18 00:28:30] [info   ] [IndividualCodeMetricsRunner] Analysis component IndividualCodeMetricsRunner done
                                                              Execution took 04:40.075
[2020-01-18 00:28:30] [info   ] [Setup] Analysis has finished
[2020-01-18 00:28:30] [info   ] [Setup] Not archiving pipeline (not enabled by user)
[2020-01-18 00:28:30] [status ] [Setup] Pipeline done; exiting...
