[2020-01-18 02:23:52] [info   ] [Setup] Start executing KernelHaven with configuration file /tmp/SingleMetricAnalysis2539191954368049680.properties
[2020-01-18 02:23:52] [info   ] [Setup] System Info:
                                        	KernelHaven Version: Built at 2019-11-28 14:29:10
                                        	OS Name: Linux
                                        	OS Version: 4.4.0-169-generic
                                        	OS Arch: amd64
                                        	Java Home: /usr/lib/jvm/java-8-oracle/jre
                                        	Java Vendor: Oracle Corporation
                                        	Java Version: 1.8.0_201
                                        	Java VM Name: Java HotSpot(TM) 64-Bit Server VM
                                        	Java VM Version: 25.201-b09
                                        	Java VM Vendor: Oracle Corporation
                                        	Working Directory: /mnt/Linux-Analyses/MailCrawler/instance3/kh
                                        	Temporary Directory: /mnt/Linux-Analyses/MailCrawler/instance3/kh/tmp
                                        	File Encoding: UTF-8
                                        	Java Class Path: KernelHaven.jar
                                        	Maximum Memory: 38.33 GiB
                                        	Available Processors: 48
[2020-01-18 02:23:52] [info   ] [Setup] Start setting up pipeline...
[2020-01-18 02:23:52] [info   ] [Setup] Loading jars from directory /mnt/Linux-Analyses/MailCrawler/instance3/kh/plugins
[2020-01-18 02:23:52] [info   ] [Setup] IncrementalAnalysesInfrastructure.jar version: Built at 2019-12-12 13:33:10
[2020-01-18 02:23:52] [info   ] [Setup] UndertakerExtractor.jar version: Built at 2019-11-28 14:31:37
[2020-01-18 02:23:52] [info   ] [Setup] CnfUtils.jar version: Built at 2019-11-28 14:35:46
[2020-01-18 02:23:52] [info   ] [Setup] KconfigReaderExtractor.jar version: Built at 2019-11-28 14:33:44
[2020-01-18 02:23:52] [info   ] [Setup] CppUtils.jar version: Built at 2019-11-28 14:35:21
[2020-01-18 02:23:52] [info   ] [Setup] ProblemSolutionSpaceDivergenceCorrectorAnalysis.jar version: Built at 2019-11-28 16:37:10
[2020-01-18 02:23:52] [info   ] [Setup] TypeChefExtractor.jar version: Built at 2019-11-28 14:31:53
[2020-01-18 02:23:52] [info   ] [Setup] ProblemSolutionSpaceMapperAnalysis.jar version: Built at 2019-11-28 16:11:10
[2020-01-18 02:23:52] [info   ] [Setup] DBUtils.jar version: Built at 2019-11-28 14:35:09
[2020-01-18 02:23:52] [info   ] [Setup] IOUtils.jar version: Built at 2019-11-28 14:34:16
[2020-01-18 02:23:52] [info   ] [Setup] FeatureEffectAnalysis.jar version: Built at 2019-11-28 14:34:47
[2020-01-18 02:23:52] [info   ] [Setup] SrcMLExtractor.jar version: Built at 2019-11-28 14:32:21
[2020-01-18 02:23:52] [info   ] [Setup] BusybootPreparation.jar version: Built at 2019-11-28 14:36:12
[2020-01-18 02:23:52] [info   ] [Setup] ProblemSolutionSpaceDivergenceDetectorAnalysis.jar version: Built at 2019-11-28 16:32:10
[2020-01-18 02:23:52] [info   ] [Setup] MetricHaven.jar version: Built at 2020-01-15 10:20:10
[2020-01-18 02:23:52] [info   ] [Setup] CodeBlockExtractor.jar version: Built at 2019-11-28 14:35:37
[2020-01-18 02:23:52] [info   ] [Setup] UnDeadAnalyzer.jar version: Built at 2019-11-28 15:01:11
[2020-01-18 02:23:52] [info   ] [Setup] EntityLocatorAnalysis.jar version: Built at 2019-11-28 14:34:59
[2020-01-18 02:23:52] [info   ] [Setup] KbuildMinerExtractor.jar version: Built at 2019-11-28 14:33:56
[2020-01-18 02:23:52] [info   ] [Setup] Successfully loaded 19 jars
[2020-01-18 02:23:52] [info   ] [Setup] Loading all classes specified in loadClasses.txt ...
[2020-01-18 02:23:53] [info   ] [Setup] Loaded 4 classes specified in loadClasses.txt files
[2020-01-18 02:23:53] [info   ] [Setup] Instantiating extractors...
[2020-01-18 02:23:53] [info   ] [Setup] Successfully instantiated variability extractor net.ssehub.kernel_haven.kconfigreader.KconfigReaderExtractor
[2020-01-18 02:23:53] [info   ] [Setup] Successfully instantiated build extractor net.ssehub.kernel_haven.kbuildminer.KbuildMinerExtractor
[2020-01-18 02:23:53] [info   ] [Setup] Successfully instantiated code extractor net.ssehub.kernel_haven.srcml.SrcMLExtractor
[2020-01-18 02:23:53] [info   ] [Setup] Creating providers...
[2020-01-18 02:23:53] [info   ] [Setup] Created variability provider
[2020-01-18 02:23:53] [info   ] [Setup] Created build provider
[2020-01-18 02:23:53] [info   ] [Setup] Created code provider
[2020-01-18 02:23:53] [info   ] [Setup] Instantiating analysis...
[2020-01-18 02:23:53] [info   ] [Setup] Successfully instantiated analysis net.ssehub.kernel_haven.metric_haven.metric_components.MetricsRunner
[2020-01-18 02:23:53] [info   ] [Setup] Starting analysis...
[2020-01-18 02:23:53] [info   ] [AnalysisPipelineController] MetricHaven executes atomic set and ignores further metric-specific configuration settings.
[2020-01-18 02:23:53] [status ] [KconfigReaderExtractor] Starting on 1 targets in 1 threads
[2020-01-18 02:23:53] [info   ] [IndividualCodeMetricsRunner] Analysis component IndividualCodeMetricsRunner starting
[2020-01-18 02:23:53] [status ] [KbuildMinerExtractor] Starting on 1 targets in 1 threads
[2020-01-18 02:23:53] [status ] [SrcMLExtractor] Starting on 32412 targets in 6 threads
[2020-01-18 02:24:22] [info   ] [ProgressLogger] KconfigReaderExtractor processed 0 of 1 (0%) items
                                                 KbuildMinerExtractor processed 0 of 1 (0%) items
                                                 SrcMLExtractor processed 6397 of 32412 (19%) items
[2020-01-18 02:24:32] [error  ] [KconfigReaderExtractor-1] Exception while parsing KconfigReader output:
                                                           net.ssehub.kernel_haven.util.FormatException: Found variable CONFIG_TEST_MODULE_MODULE in DIMACS but not in RSF
                                                               at net.ssehub.kernel_haven.kconfigreader.Converter.convert(Converter.java:146)
                                                               at net.ssehub.kernel_haven.kconfigreader.KconfigReaderExtractor.runOnFile(KconfigReaderExtractor.java:208)
                                                               at net.ssehub.kernel_haven.kconfigreader.KconfigReaderExtractor.runOnFile(KconfigReaderExtractor.java:58)
                                                               at net.ssehub.kernel_haven.provider.AbstractExtractor$WorkerThread.run(AbstractExtractor.java:142)
[2020-01-18 02:24:32] [error  ] [ExtractorDataDuplicator] Got VM-Extractor exception:
                                                          net.ssehub.kernel_haven.util.ExtractorException: net.ssehub.kernel_haven.util.FormatException: Found variable CONFIG_TEST_MODULE_MODULE in DIMACS but not in RSF
                                                              at net.ssehub.kernel_haven.kconfigreader.KconfigReaderExtractor.runOnFile(KconfigReaderExtractor.java:212)
                                                              at net.ssehub.kernel_haven.kconfigreader.KconfigReaderExtractor.runOnFile(KconfigReaderExtractor.java:58)
                                                              at net.ssehub.kernel_haven.provider.AbstractExtractor$WorkerThread.run(AbstractExtractor.java:142)
                                                          Caused by:
                                                          net.ssehub.kernel_haven.util.FormatException: Found variable CONFIG_TEST_MODULE_MODULE in DIMACS but not in RSF
                                                              at net.ssehub.kernel_haven.kconfigreader.Converter.convert(Converter.java:146)
                                                              at net.ssehub.kernel_haven.kconfigreader.KconfigReaderExtractor.runOnFile(KconfigReaderExtractor.java:208)
                                                              at net.ssehub.kernel_haven.kconfigreader.KconfigReaderExtractor.runOnFile(KconfigReaderExtractor.java:58)
                                                              at net.ssehub.kernel_haven.provider.AbstractExtractor$WorkerThread.run(AbstractExtractor.java:142)
[2020-01-18 02:24:32] [info   ] [ProgressLogger] KconfigReaderExtractor processed 1 of 1 (100%) items and finished in 00:39.700
                                                 KbuildMinerExtractor processed 0 of 1 (0%) items
                                                 SrcMLExtractor processed 8805 of 32412 (27%) items
[2020-01-18 02:24:44] [error  ] [ExtractorDataDuplicator] Got BM-Extractor exception:
                                                          net.ssehub.kernel_haven.util.ExtractorException: Did not get a variability model
                                                              at net.ssehub.kernel_haven.kbuildminer.KbuildMinerExtractor.runOnFile(KbuildMinerExtractor.java:112)
                                                              at net.ssehub.kernel_haven.kbuildminer.KbuildMinerExtractor.runOnFile(KbuildMinerExtractor.java:44)
                                                              at net.ssehub.kernel_haven.provider.AbstractExtractor$WorkerThread.run(AbstractExtractor.java:142)
[2020-01-18 02:24:44] [info   ] [ProgressLogger] KbuildMinerExtractor processed 1 of 1 (100%) items and finished in 00:51.051
                                                 SrcMLExtractor processed 11674 of 32412 (36%) items
[2020-01-18 02:24:44] [info   ] [VariabilityCounter] Analysis component VariabilityCounter starting
[2020-01-18 02:24:44] [info   ] [FunctionMapCreator] Analysis component FunctionMapCreator starting
[2020-01-18 02:24:44] [info   ] [FeatureSizeEstimator] Analysis component FeatureSizeEstimator starting
[2020-01-18 02:24:44] [error  ] [VariabilityCounter] Did not get a variability model
                                                     Can't create any results
[2020-01-18 02:24:44] [info   ] [VariabilityCounter] Analysis component VariabilityCounter done
                                                     Execution took 00:00.001
[2020-01-18 02:24:44] [error  ] [FeatureSizeEstimator] Did not get a variability model
                                                       Can't create any results
[2020-01-18 02:24:44] [info   ] [OrderedCodeFunctionFilter] Analysis component OrderedCodeFunctionFilter starting
[2020-01-18 02:24:44] [info   ] [FeatureSizeEstimator] Analysis component FeatureSizeEstimator done
                                                       Execution took 00:00.019
[2020-01-18 02:24:44] [info   ] [CodeFunctionFilter] Analysis component CodeFunctionFilter starting
[2020-01-18 02:25:14] [info   ] [ProgressLogger] SrcMLExtractor processed 15394 of 32412 (47%) items
                                                 CodeFunctionFilter processed 15304 items
[2020-01-18 02:25:44] [info   ] [ProgressLogger] SrcMLExtractor processed 18649 of 32412 (57%) items
                                                 CodeFunctionFilter processed 18547 items
[2020-01-18 02:26:14] [info   ] [ProgressLogger] SrcMLExtractor processed 22477 of 32412 (69%) items
                                                 CodeFunctionFilter processed 22359 items
[2020-01-18 02:26:44] [info   ] [ProgressLogger] SrcMLExtractor processed 26087 of 32412 (80%) items
                                                 CodeFunctionFilter processed 25948 items
[2020-01-18 02:27:14] [info   ] [ProgressLogger] SrcMLExtractor processed 29596 of 32412 (91%) items
                                                 CodeFunctionFilter processed 29446 items
[2020-01-18 02:27:37] [info   ] [ProgressLogger] SrcMLExtractor processed 32412 of 32412 (100%) items and finished in 03:44.383
                                                 CodeFunctionFilter processed 32243 items
[2020-01-18 02:27:37] [warning] [ExtractorDataDuplicator] CM-Extractor: Got 32244 elements and 168 exceptions
[2020-01-18 02:27:37] [info   ] [CodeFunctionFilter] Discarded 3631 functions that contained an ErrorElement
[2020-01-18 02:27:37] [info   ] [CodeFunctionFilter] Analysis component CodeFunctionFilter done
                                                     Execution took 02:53.708
[2020-01-18 02:27:37] [info   ] [ProgressLogger] CodeFunctionFilter processed 32244 items and finished in 02:53.708
[2020-01-18 02:27:38] [info   ] [OrderedCodeFunctionFilter] Analysis component OrderedCodeFunctionFilter done
                                                            Execution took 02:54.532
[2020-01-18 02:27:38] [info   ] [ProgressLogger] OrderedCodeFunctionFilter processed 2180680 items and finished in 00:00.822
[2020-01-18 02:27:46] [info   ] [FunctionMapCreator] Analysis component FunctionMapCreator done
                                                     Execution took 03:01.903
[2020-01-18 02:27:46] [info   ] [ProgressLogger] FunctionMapCreator processed 366106 of 366106 (100%) items and finished in 00:06.921
[2020-01-18 02:27:46] [error  ] [IndividualCodeMetricsRunner] Could not create metric instances:
                                                              net.ssehub.kernel_haven.SetUpException: ScatteringWeight requires a ScatteringDegreeContainer
                                                                  at net.ssehub.kernel_haven.metric_haven.metric_components.weights.ScatteringWeight.<init>(ScatteringWeight.java:46)
                                                                  at net.ssehub.kernel_haven.metric_haven.metric_components.weights.CachedWeightFactory.createSdWeight(CachedWeightFactory.java:62)
                                                                  at net.ssehub.kernel_haven.metric_haven.metric_components.weights.CachedWeightFactory.createVariabilityWeight(CachedWeightFactory.java:347)
                                                                  at net.ssehub.kernel_haven.metric_haven.metric_components.weights.CachedWeightFactory.createVariabilityWeight(CachedWeightFactory.java:434)
                                                                  at net.ssehub.kernel_haven.metric_haven.code_metrics.MetricFactory.createAllVariations(MetricFactory.java:683)
                                                                  at net.ssehub.kernel_haven.metric_haven.metric_components.IndividualCodeMetricsRunner.createAllAtomicVariations(IndividualCodeMetricsRunner.java:342)
                                                                  at net.ssehub.kernel_haven.metric_haven.metric_components.IndividualCodeMetricsRunner.instantiateMetrics(IndividualCodeMetricsRunner.java:587)
                                                                  at net.ssehub.kernel_haven.metric_haven.metric_components.CodeMetricsRunner.execute(CodeMetricsRunner.java:353)
                                                                  at net.ssehub.kernel_haven.analysis.AnalysisComponent.lambda$start$0(AnalysisComponent.java:229)
                                                                  at java.lang.Thread.run(Thread.java:748)
[2020-01-18 02:27:46] [info   ] [IndividualCodeMetricsRunner] Analysis component IndividualCodeMetricsRunner done
                                                              Execution took 03:52.968
[2020-01-18 02:27:46] [info   ] [Setup] Analysis has finished
[2020-01-18 02:27:46] [info   ] [Setup] Not archiving pipeline (not enabled by user)
[2020-01-18 02:27:46] [status ] [Setup] Pipeline done; exiting...
