[2020-01-23 04:45:03] [info   ] [Setup] Start executing KernelHaven with configuration file /tmp/SingleMetricAnalysis2649829699284726515.properties
[2020-01-23 04:45:03] [info   ] [Setup] System Info:
                                        	KernelHaven Version: Built at 2019-11-28 14:29:10
                                        	OS Name: Linux
                                        	OS Version: 4.4.0-170-generic
                                        	OS Arch: amd64
                                        	Java Home: /usr/lib/jvm/java-8-oracle/jre
                                        	Java Vendor: Oracle Corporation
                                        	Java Version: 1.8.0_201
                                        	Java VM Name: Java HotSpot(TM) 64-Bit Server VM
                                        	Java VM Version: 25.201-b09
                                        	Java VM Vendor: Oracle Corporation
                                        	Working Directory: /mnt/Linux-Analyses/MailCrawler/instance3/kh
                                        	Temporary Directory: /mnt/Linux-Analyses/MailCrawler/instance3/kh/tmp
                                        	File Encoding: UTF-8
                                        	Java Class Path: KernelHaven.jar
                                        	Maximum Memory: 38.33 GiB
                                        	Available Processors: 40
[2020-01-23 04:45:03] [info   ] [Setup] Start setting up pipeline...
[2020-01-23 04:45:03] [info   ] [Setup] Loading jars from directory /mnt/Linux-Analyses/MailCrawler/instance3/kh/plugins
[2020-01-23 04:45:03] [info   ] [Setup] IncrementalAnalysesInfrastructure.jar version: Built at 2019-12-12 13:33:10
[2020-01-23 04:45:03] [info   ] [Setup] UndertakerExtractor.jar version: Built at 2019-11-28 14:31:37
[2020-01-23 04:45:03] [info   ] [Setup] CnfUtils.jar version: Built at 2019-11-28 14:35:46
[2020-01-23 04:45:03] [info   ] [Setup] KconfigReaderExtractor.jar version: Built at 2019-11-28 14:33:44
[2020-01-23 04:45:03] [info   ] [Setup] CppUtils.jar version: Built at 2019-11-28 14:35:21
[2020-01-23 04:45:03] [info   ] [Setup] ProblemSolutionSpaceDivergenceCorrectorAnalysis.jar version: Built at 2019-11-28 16:37:10
[2020-01-23 04:45:03] [info   ] [Setup] TypeChefExtractor.jar version: Built at 2019-11-28 14:31:53
[2020-01-23 04:45:04] [info   ] [Setup] ProblemSolutionSpaceMapperAnalysis.jar version: Built at 2019-11-28 16:11:10
[2020-01-23 04:45:04] [info   ] [Setup] DBUtils.jar version: Built at 2019-11-28 14:35:09
[2020-01-23 04:45:04] [info   ] [Setup] IOUtils.jar version: Built at 2019-11-28 14:34:16
[2020-01-23 04:45:04] [info   ] [Setup] FeatureEffectAnalysis.jar version: Built at 2019-11-28 14:34:47
[2020-01-23 04:45:04] [info   ] [Setup] SrcMLExtractor.jar version: Built at 2019-11-28 14:32:21
[2020-01-23 04:45:04] [info   ] [Setup] BusybootPreparation.jar version: Built at 2019-11-28 14:36:12
[2020-01-23 04:45:04] [info   ] [Setup] ProblemSolutionSpaceDivergenceDetectorAnalysis.jar version: Built at 2019-11-28 16:32:10
[2020-01-23 04:45:04] [info   ] [Setup] MetricHaven.jar version: Built at 2020-01-15 10:20:10
[2020-01-23 04:45:04] [info   ] [Setup] CodeBlockExtractor.jar version: Built at 2019-11-28 14:35:37
[2020-01-23 04:45:04] [info   ] [Setup] UnDeadAnalyzer.jar version: Built at 2019-11-28 15:01:11
[2020-01-23 04:45:04] [info   ] [Setup] EntityLocatorAnalysis.jar version: Built at 2019-11-28 14:34:59
[2020-01-23 04:45:04] [info   ] [Setup] KbuildMinerExtractor.jar version: Built at 2019-11-28 14:33:56
[2020-01-23 04:45:04] [info   ] [Setup] Successfully loaded 19 jars
[2020-01-23 04:45:04] [info   ] [Setup] Loading all classes specified in loadClasses.txt ...
[2020-01-23 04:45:04] [info   ] [Setup] Loaded 4 classes specified in loadClasses.txt files
[2020-01-23 04:45:04] [info   ] [Setup] Instantiating extractors...
[2020-01-23 04:45:04] [info   ] [Setup] Successfully instantiated variability extractor net.ssehub.kernel_haven.kconfigreader.KconfigReaderExtractor
[2020-01-23 04:45:04] [info   ] [Setup] Successfully instantiated build extractor net.ssehub.kernel_haven.kbuildminer.KbuildMinerExtractor
[2020-01-23 04:45:04] [info   ] [Setup] Successfully instantiated code extractor net.ssehub.kernel_haven.srcml.SrcMLExtractor
[2020-01-23 04:45:04] [info   ] [Setup] Creating providers...
[2020-01-23 04:45:04] [info   ] [Setup] Created variability provider
[2020-01-23 04:45:04] [info   ] [Setup] Created build provider
[2020-01-23 04:45:04] [info   ] [Setup] Created code provider
[2020-01-23 04:45:04] [info   ] [Setup] Instantiating analysis...
[2020-01-23 04:45:04] [info   ] [Setup] Successfully instantiated analysis net.ssehub.kernel_haven.metric_haven.metric_components.MetricsRunner
[2020-01-23 04:45:04] [info   ] [Setup] Starting analysis...
[2020-01-23 04:45:04] [info   ] [AnalysisPipelineController] MetricHaven executes atomic set and ignores further metric-specific configuration settings.
[2020-01-23 04:45:04] [status ] [KconfigReaderExtractor] Starting on 1 targets in 1 threads
[2020-01-23 04:45:04] [status ] [KbuildMinerExtractor] Starting on 1 targets in 1 threads
[2020-01-23 04:45:04] [info   ] [IndividualCodeMetricsRunner] Analysis component IndividualCodeMetricsRunner starting
[2020-01-23 04:45:05] [status ] [SrcMLExtractor] Starting on 32263 targets in 6 threads
[2020-01-23 04:45:33] [info   ] [ProgressLogger] KconfigReaderExtractor processed 0 of 1 (0%) items
                                                 KbuildMinerExtractor processed 0 of 1 (0%) items
                                                 SrcMLExtractor processed 4297 of 32263 (13%) items
[2020-01-23 04:46:03] [info   ] [ProgressLogger] KconfigReaderExtractor processed 0 of 1 (0%) items
                                                 KbuildMinerExtractor processed 0 of 1 (0%) items
                                                 SrcMLExtractor processed 8655 of 32263 (26%) items
[2020-01-23 04:46:19] [error  ] [KconfigReaderExtractor-1] Exception while parsing KconfigReader output:
                                                           net.ssehub.kernel_haven.util.FormatException: Found variable CONFIG_TEST_MODULE_MODULE in DIMACS but not in RSF
                                                               at net.ssehub.kernel_haven.kconfigreader.Converter.convert(Converter.java:146)
                                                               at net.ssehub.kernel_haven.kconfigreader.KconfigReaderExtractor.runOnFile(KconfigReaderExtractor.java:208)
                                                               at net.ssehub.kernel_haven.kconfigreader.KconfigReaderExtractor.runOnFile(KconfigReaderExtractor.java:58)
                                                               at net.ssehub.kernel_haven.provider.AbstractExtractor$WorkerThread.run(AbstractExtractor.java:142)
[2020-01-23 04:46:19] [info   ] [ProgressLogger] KconfigReaderExtractor processed 1 of 1 (100%) items and finished in 01:14.865
                                                 KbuildMinerExtractor processed 0 of 1 (0%) items
                                                 SrcMLExtractor processed 11231 of 32263 (34%) items
[2020-01-23 04:46:19] [error  ] [ExtractorDataDuplicator] Got VM-Extractor exception:
                                                          net.ssehub.kernel_haven.util.ExtractorException: net.ssehub.kernel_haven.util.FormatException: Found variable CONFIG_TEST_MODULE_MODULE in DIMACS but not in RSF
                                                              at net.ssehub.kernel_haven.kconfigreader.KconfigReaderExtractor.runOnFile(KconfigReaderExtractor.java:212)
                                                              at net.ssehub.kernel_haven.kconfigreader.KconfigReaderExtractor.runOnFile(KconfigReaderExtractor.java:58)
                                                              at net.ssehub.kernel_haven.provider.AbstractExtractor$WorkerThread.run(AbstractExtractor.java:142)
                                                          Caused by:
                                                          net.ssehub.kernel_haven.util.FormatException: Found variable CONFIG_TEST_MODULE_MODULE in DIMACS but not in RSF
                                                              at net.ssehub.kernel_haven.kconfigreader.Converter.convert(Converter.java:146)
                                                              at net.ssehub.kernel_haven.kconfigreader.KconfigReaderExtractor.runOnFile(KconfigReaderExtractor.java:208)
                                                              at net.ssehub.kernel_haven.kconfigreader.KconfigReaderExtractor.runOnFile(KconfigReaderExtractor.java:58)
                                                              at net.ssehub.kernel_haven.provider.AbstractExtractor$WorkerThread.run(AbstractExtractor.java:142)
[2020-01-23 04:46:19] [error  ] [ExtractorDataDuplicator] Got BM-Extractor exception:
                                                          net.ssehub.kernel_haven.util.ExtractorException: Did not get a variability model
                                                              at net.ssehub.kernel_haven.kbuildminer.KbuildMinerExtractor.runOnFile(KbuildMinerExtractor.java:112)
                                                              at net.ssehub.kernel_haven.kbuildminer.KbuildMinerExtractor.runOnFile(KbuildMinerExtractor.java:44)
                                                              at net.ssehub.kernel_haven.provider.AbstractExtractor$WorkerThread.run(AbstractExtractor.java:142)
[2020-01-23 04:46:19] [info   ] [ProgressLogger] KbuildMinerExtractor processed 1 of 1 (100%) items and finished in 01:14.934
                                                 SrcMLExtractor processed 11231 of 32263 (34%) items
[2020-01-23 04:46:19] [info   ] [VariabilityCounter] Analysis component VariabilityCounter starting
[2020-01-23 04:46:19] [info   ] [FunctionMapCreator] Analysis component FunctionMapCreator starting
[2020-01-23 04:46:19] [info   ] [FeatureSizeEstimator] Analysis component FeatureSizeEstimator starting
[2020-01-23 04:46:19] [error  ] [VariabilityCounter] Did not get a variability model
                                                     Can't create any results
[2020-01-23 04:46:19] [error  ] [FeatureSizeEstimator] Did not get a variability model
                                                       Can't create any results
[2020-01-23 04:46:19] [info   ] [VariabilityCounter] Analysis component VariabilityCounter done
                                                     Execution took 00:00.001
[2020-01-23 04:46:19] [info   ] [FeatureSizeEstimator] Analysis component FeatureSizeEstimator done
                                                       Execution took 00:00.001
[2020-01-23 04:46:19] [info   ] [OrderedCodeFunctionFilter] Analysis component OrderedCodeFunctionFilter starting
[2020-01-23 04:46:19] [info   ] [CodeFunctionFilter] Analysis component CodeFunctionFilter starting
[2020-01-23 04:46:49] [info   ] [ProgressLogger] SrcMLExtractor processed 14302 of 32263 (44%) items
                                                 CodeFunctionFilter processed 14216 items
[2020-01-23 04:47:19] [info   ] [ProgressLogger] SrcMLExtractor processed 17110 of 32263 (53%) items
                                                 CodeFunctionFilter processed 17015 items
[2020-01-23 04:47:49] [info   ] [ProgressLogger] SrcMLExtractor processed 19257 of 32263 (59%) items
                                                 CodeFunctionFilter processed 19154 items
[2020-01-23 04:48:19] [info   ] [ProgressLogger] SrcMLExtractor processed 21992 of 32263 (68%) items
                                                 CodeFunctionFilter processed 21876 items
[2020-01-23 04:48:49] [info   ] [ProgressLogger] SrcMLExtractor processed 24543 of 32263 (76%) items
                                                 CodeFunctionFilter processed 24416 items
[2020-01-23 04:49:19] [info   ] [ProgressLogger] SrcMLExtractor processed 26675 of 32263 (82%) items
                                                 CodeFunctionFilter processed 26537 items
[2020-01-23 04:49:49] [info   ] [ProgressLogger] SrcMLExtractor processed 28951 of 32263 (89%) items
                                                 CodeFunctionFilter processed 28804 items
[2020-01-23 04:50:19] [info   ] [ProgressLogger] SrcMLExtractor processed 31716 of 32263 (98%) items
                                                 CodeFunctionFilter processed 31551 items
[2020-01-23 04:50:26] [info   ] [ProgressLogger] SrcMLExtractor processed 32263 of 32263 (100%) items and finished in 05:21.866
                                                 CodeFunctionFilter processed 32095 items
[2020-01-23 04:50:26] [warning] [ExtractorDataDuplicator] CM-Extractor: Got 32096 elements and 167 exceptions
[2020-01-23 04:50:26] [info   ] [CodeFunctionFilter] Discarded 3616 functions that contained an ErrorElement
[2020-01-23 04:50:26] [info   ] [CodeFunctionFilter] Analysis component CodeFunctionFilter done
                                                     Execution took 04:07.425
[2020-01-23 04:50:26] [info   ] [ProgressLogger] CodeFunctionFilter processed 32096 items and finished in 04:07.425
[2020-01-23 04:50:27] [info   ] [OrderedCodeFunctionFilter] Analysis component OrderedCodeFunctionFilter done
                                                            Execution took 04:08.371
[2020-01-23 04:50:27] [info   ] [ProgressLogger] OrderedCodeFunctionFilter processed 2171781 items and finished in 00:00.944
[2020-01-23 04:50:37] [info   ] [FunctionMapCreator] Analysis component FunctionMapCreator done
                                                     Execution took 04:17.480
[2020-01-23 04:50:37] [info   ] [ProgressLogger] FunctionMapCreator processed 364202 of 364202 (100%) items and finished in 00:08.537
[2020-01-23 04:50:37] [error  ] [IndividualCodeMetricsRunner] Could not create metric instances:
                                                              net.ssehub.kernel_haven.SetUpException: ScatteringWeight requires a ScatteringDegreeContainer
                                                                  at net.ssehub.kernel_haven.metric_haven.metric_components.weights.ScatteringWeight.<init>(ScatteringWeight.java:46)
                                                                  at net.ssehub.kernel_haven.metric_haven.metric_components.weights.CachedWeightFactory.createSdWeight(CachedWeightFactory.java:62)
                                                                  at net.ssehub.kernel_haven.metric_haven.metric_components.weights.CachedWeightFactory.createVariabilityWeight(CachedWeightFactory.java:347)
                                                                  at net.ssehub.kernel_haven.metric_haven.metric_components.weights.CachedWeightFactory.createVariabilityWeight(CachedWeightFactory.java:434)
                                                                  at net.ssehub.kernel_haven.metric_haven.code_metrics.MetricFactory.createAllVariations(MetricFactory.java:683)
                                                                  at net.ssehub.kernel_haven.metric_haven.metric_components.IndividualCodeMetricsRunner.createAllAtomicVariations(IndividualCodeMetricsRunner.java:342)
                                                                  at net.ssehub.kernel_haven.metric_haven.metric_components.IndividualCodeMetricsRunner.instantiateMetrics(IndividualCodeMetricsRunner.java:587)
                                                                  at net.ssehub.kernel_haven.metric_haven.metric_components.CodeMetricsRunner.execute(CodeMetricsRunner.java:353)
                                                                  at net.ssehub.kernel_haven.analysis.AnalysisComponent.lambda$start$0(AnalysisComponent.java:229)
                                                                  at java.lang.Thread.run(Thread.java:748)
[2020-01-23 04:50:37] [info   ] [IndividualCodeMetricsRunner] Analysis component IndividualCodeMetricsRunner done
                                                              Execution took 05:32.424
[2020-01-23 04:50:37] [info   ] [Setup] Analysis has finished
[2020-01-23 04:50:37] [info   ] [Setup] Not archiving pipeline (not enabled by user)
[2020-01-23 04:50:37] [status ] [Setup] Pipeline done; exiting...
