[2020-01-18 02:12:05] [info   ] [Setup] Start executing KernelHaven with configuration file /tmp/SingleMetricAnalysis3582319333656365731.properties
[2020-01-18 02:12:05] [info   ] [Setup] System Info:
                                        	KernelHaven Version: Built at 2019-11-28 14:29:10
                                        	OS Name: Linux
                                        	OS Version: 4.4.0-169-generic
                                        	OS Arch: amd64
                                        	Java Home: /usr/lib/jvm/java-8-oracle/jre
                                        	Java Vendor: Oracle Corporation
                                        	Java Version: 1.8.0_201
                                        	Java VM Name: Java HotSpot(TM) 64-Bit Server VM
                                        	Java VM Version: 25.201-b09
                                        	Java VM Vendor: Oracle Corporation
                                        	Working Directory: /mnt/Linux-Analyses/MailCrawler/instance2/kh
                                        	Temporary Directory: /mnt/Linux-Analyses/MailCrawler/instance2/kh/tmp
                                        	File Encoding: UTF-8
                                        	Java Class Path: KernelHaven.jar
                                        	Maximum Memory: 38.33 GiB
                                        	Available Processors: 48
[2020-01-18 02:12:05] [info   ] [Setup] Start setting up pipeline...
[2020-01-18 02:12:05] [info   ] [Setup] Loading jars from directory /mnt/Linux-Analyses/MailCrawler/instance2/kh/plugins
[2020-01-18 02:12:05] [info   ] [Setup] IncrementalAnalysesInfrastructure.jar version: Built at 2019-12-12 13:33:10
[2020-01-18 02:12:05] [info   ] [Setup] UndertakerExtractor.jar version: Built at 2019-11-28 14:31:37
[2020-01-18 02:12:05] [info   ] [Setup] CnfUtils.jar version: Built at 2019-11-28 14:35:46
[2020-01-18 02:12:05] [info   ] [Setup] KconfigReaderExtractor.jar version: Built at 2019-11-28 14:33:44
[2020-01-18 02:12:05] [info   ] [Setup] CppUtils.jar version: Built at 2019-11-28 14:35:21
[2020-01-18 02:12:06] [info   ] [Setup] ProblemSolutionSpaceDivergenceCorrectorAnalysis.jar version: Built at 2019-11-28 16:37:10
[2020-01-18 02:12:06] [info   ] [Setup] TypeChefExtractor.jar version: Built at 2019-11-28 14:31:53
[2020-01-18 02:12:06] [info   ] [Setup] ProblemSolutionSpaceMapperAnalysis.jar version: Built at 2019-11-28 16:11:10
[2020-01-18 02:12:06] [info   ] [Setup] DBUtils.jar version: Built at 2019-11-28 14:35:09
[2020-01-18 02:12:06] [info   ] [Setup] IOUtils.jar version: Built at 2019-11-28 14:34:16
[2020-01-18 02:12:06] [info   ] [Setup] FeatureEffectAnalysis.jar version: Built at 2019-11-28 14:34:47
[2020-01-18 02:12:06] [info   ] [Setup] SrcMLExtractor.jar version: Built at 2019-11-28 14:32:21
[2020-01-18 02:12:06] [info   ] [Setup] BusybootPreparation.jar version: Built at 2019-11-28 14:36:12
[2020-01-18 02:12:06] [info   ] [Setup] ProblemSolutionSpaceDivergenceDetectorAnalysis.jar version: Built at 2019-11-28 16:32:10
[2020-01-18 02:12:06] [info   ] [Setup] MetricHaven.jar version: Built at 2020-01-15 10:20:10
[2020-01-18 02:12:06] [info   ] [Setup] CodeBlockExtractor.jar version: Built at 2019-11-28 14:35:37
[2020-01-18 02:12:06] [info   ] [Setup] UnDeadAnalyzer.jar version: Built at 2019-11-28 15:01:11
[2020-01-18 02:12:06] [info   ] [Setup] EntityLocatorAnalysis.jar version: Built at 2019-11-28 14:34:59
[2020-01-18 02:12:06] [info   ] [Setup] KbuildMinerExtractor.jar version: Built at 2019-11-28 14:33:56
[2020-01-18 02:12:06] [info   ] [Setup] Successfully loaded 19 jars
[2020-01-18 02:12:06] [info   ] [Setup] Loading all classes specified in loadClasses.txt ...
[2020-01-18 02:12:06] [info   ] [Setup] Loaded 4 classes specified in loadClasses.txt files
[2020-01-18 02:12:06] [info   ] [Setup] Instantiating extractors...
[2020-01-18 02:12:06] [info   ] [Setup] Successfully instantiated variability extractor net.ssehub.kernel_haven.kconfigreader.KconfigReaderExtractor
[2020-01-18 02:12:06] [info   ] [Setup] Successfully instantiated build extractor net.ssehub.kernel_haven.kbuildminer.KbuildMinerExtractor
[2020-01-18 02:12:06] [info   ] [Setup] Successfully instantiated code extractor net.ssehub.kernel_haven.srcml.SrcMLExtractor
[2020-01-18 02:12:06] [info   ] [Setup] Creating providers...
[2020-01-18 02:12:06] [info   ] [Setup] Created variability provider
[2020-01-18 02:12:06] [info   ] [Setup] Created build provider
[2020-01-18 02:12:06] [info   ] [Setup] Created code provider
[2020-01-18 02:12:06] [info   ] [Setup] Instantiating analysis...
[2020-01-18 02:12:06] [info   ] [Setup] Successfully instantiated analysis net.ssehub.kernel_haven.metric_haven.metric_components.MetricsRunner
[2020-01-18 02:12:06] [info   ] [Setup] Starting analysis...
[2020-01-18 02:12:06] [info   ] [AnalysisPipelineController] MetricHaven executes atomic set and ignores further metric-specific configuration settings.
[2020-01-18 02:12:06] [status ] [KconfigReaderExtractor] Starting on 1 targets in 1 threads
[2020-01-18 02:12:06] [info   ] [IndividualCodeMetricsRunner] Analysis component IndividualCodeMetricsRunner starting
[2020-01-18 02:12:06] [status ] [KbuildMinerExtractor] Starting on 1 targets in 1 threads
[2020-01-18 02:12:06] [status ] [SrcMLExtractor] Starting on 31949 targets in 6 threads
[2020-01-18 02:12:35] [info   ] [ProgressLogger] KconfigReaderExtractor processed 0 of 1 (0%) items
                                                 KbuildMinerExtractor processed 0 of 1 (0%) items
                                                 SrcMLExtractor processed 5491 of 31949 (17%) items
[2020-01-18 02:12:50] [error  ] [KconfigReaderExtractor-1] Exception while parsing KconfigReader output:
                                                           net.ssehub.kernel_haven.util.FormatException: Found variable CONFIG_TEST_MODULE_MODULE in DIMACS but not in RSF
                                                               at net.ssehub.kernel_haven.kconfigreader.Converter.convert(Converter.java:146)
                                                               at net.ssehub.kernel_haven.kconfigreader.KconfigReaderExtractor.runOnFile(KconfigReaderExtractor.java:208)
                                                               at net.ssehub.kernel_haven.kconfigreader.KconfigReaderExtractor.runOnFile(KconfigReaderExtractor.java:58)
                                                               at net.ssehub.kernel_haven.provider.AbstractExtractor$WorkerThread.run(AbstractExtractor.java:142)
[2020-01-18 02:12:50] [error  ] [ExtractorDataDuplicator] Got VM-Extractor exception:
                                                          net.ssehub.kernel_haven.util.ExtractorException: net.ssehub.kernel_haven.util.FormatException: Found variable CONFIG_TEST_MODULE_MODULE in DIMACS but not in RSF
                                                              at net.ssehub.kernel_haven.kconfigreader.KconfigReaderExtractor.runOnFile(KconfigReaderExtractor.java:212)
                                                              at net.ssehub.kernel_haven.kconfigreader.KconfigReaderExtractor.runOnFile(KconfigReaderExtractor.java:58)
                                                              at net.ssehub.kernel_haven.provider.AbstractExtractor$WorkerThread.run(AbstractExtractor.java:142)
                                                          Caused by:
                                                          net.ssehub.kernel_haven.util.FormatException: Found variable CONFIG_TEST_MODULE_MODULE in DIMACS but not in RSF
                                                              at net.ssehub.kernel_haven.kconfigreader.Converter.convert(Converter.java:146)
                                                              at net.ssehub.kernel_haven.kconfigreader.KconfigReaderExtractor.runOnFile(KconfigReaderExtractor.java:208)
                                                              at net.ssehub.kernel_haven.kconfigreader.KconfigReaderExtractor.runOnFile(KconfigReaderExtractor.java:58)
                                                              at net.ssehub.kernel_haven.provider.AbstractExtractor$WorkerThread.run(AbstractExtractor.java:142)
[2020-01-18 02:12:50] [info   ] [ProgressLogger] KconfigReaderExtractor processed 1 of 1 (100%) items and finished in 00:44.163
                                                 KbuildMinerExtractor processed 0 of 1 (0%) items
                                                 SrcMLExtractor processed 8520 of 31949 (26%) items
[2020-01-18 02:12:57] [error  ] [ExtractorDataDuplicator] Got BM-Extractor exception:
                                                          net.ssehub.kernel_haven.util.ExtractorException: Did not get a variability model
                                                              at net.ssehub.kernel_haven.kbuildminer.KbuildMinerExtractor.runOnFile(KbuildMinerExtractor.java:112)
                                                              at net.ssehub.kernel_haven.kbuildminer.KbuildMinerExtractor.runOnFile(KbuildMinerExtractor.java:44)
                                                              at net.ssehub.kernel_haven.provider.AbstractExtractor$WorkerThread.run(AbstractExtractor.java:142)
[2020-01-18 02:12:57] [info   ] [ProgressLogger] KbuildMinerExtractor processed 1 of 1 (100%) items and finished in 00:50.721
                                                 SrcMLExtractor processed 10069 of 31949 (31%) items
[2020-01-18 02:12:57] [info   ] [VariabilityCounter] Analysis component VariabilityCounter starting
[2020-01-18 02:12:57] [info   ] [FunctionMapCreator] Analysis component FunctionMapCreator starting
[2020-01-18 02:12:57] [info   ] [FeatureSizeEstimator] Analysis component FeatureSizeEstimator starting
[2020-01-18 02:12:57] [error  ] [VariabilityCounter] Did not get a variability model
                                                     Can't create any results
[2020-01-18 02:12:57] [info   ] [VariabilityCounter] Analysis component VariabilityCounter done
                                                     Execution took 00:00.000
[2020-01-18 02:12:57] [error  ] [FeatureSizeEstimator] Did not get a variability model
                                                       Can't create any results
[2020-01-18 02:12:57] [info   ] [FeatureSizeEstimator] Analysis component FeatureSizeEstimator done
                                                       Execution took 00:00.001
[2020-01-18 02:12:57] [info   ] [OrderedCodeFunctionFilter] Analysis component OrderedCodeFunctionFilter starting
[2020-01-18 02:12:57] [info   ] [CodeFunctionFilter] Analysis component CodeFunctionFilter starting
[2020-01-18 02:13:27] [info   ] [ProgressLogger] SrcMLExtractor processed 14492 of 31949 (45%) items
                                                 CodeFunctionFilter processed 14405 items
[2020-01-18 02:13:57] [info   ] [ProgressLogger] SrcMLExtractor processed 18221 of 31949 (57%) items
                                                 CodeFunctionFilter processed 18120 items
[2020-01-18 02:14:27] [info   ] [ProgressLogger] SrcMLExtractor processed 21563 of 31949 (67%) items
                                                 CodeFunctionFilter processed 21448 items
[2020-01-18 02:14:57] [info   ] [ProgressLogger] SrcMLExtractor processed 24349 of 31949 (76%) items
                                                 CodeFunctionFilter processed 24222 items
[2020-01-18 02:15:27] [info   ] [ProgressLogger] SrcMLExtractor processed 26895 of 31949 (84%) items
                                                 CodeFunctionFilter processed 26757 items
[2020-01-18 02:15:57] [info   ] [ProgressLogger] SrcMLExtractor processed 29616 of 31949 (92%) items
                                                 CodeFunctionFilter processed 29465 items
[2020-01-18 02:16:18] [info   ] [ProgressLogger] SrcMLExtractor processed 31949 of 31949 (100%) items and finished in 04:11.393
                                                 CodeFunctionFilter processed 31782 items
[2020-01-18 02:16:18] [warning] [ExtractorDataDuplicator] CM-Extractor: Got 31783 elements and 166 exceptions
[2020-01-18 02:16:18] [info   ] [CodeFunctionFilter] Discarded 3599 functions that contained an ErrorElement
[2020-01-18 02:16:18] [info   ] [CodeFunctionFilter] Analysis component CodeFunctionFilter done
                                                     Execution took 03:21.153
[2020-01-18 02:16:18] [info   ] [ProgressLogger] CodeFunctionFilter processed 31783 items and finished in 03:21.153
[2020-01-18 02:16:19] [info   ] [ProgressLogger] OrderedCodeFunctionFilter processed 2142479 items and finished in 00:00.827
[2020-01-18 02:16:19] [info   ] [OrderedCodeFunctionFilter] Analysis component OrderedCodeFunctionFilter done
                                                            Execution took 03:21.982
[2020-01-18 02:16:26] [info   ] [ProgressLogger] FunctionMapCreator processed 360129 of 360129 (100%) items and finished in 00:06.940
[2020-01-18 02:16:26] [info   ] [FunctionMapCreator] Analysis component FunctionMapCreator done
                                                     Execution took 03:29.367
[2020-01-18 02:16:26] [error  ] [IndividualCodeMetricsRunner] Could not create metric instances:
                                                              net.ssehub.kernel_haven.SetUpException: ScatteringWeight requires a ScatteringDegreeContainer
                                                                  at net.ssehub.kernel_haven.metric_haven.metric_components.weights.ScatteringWeight.<init>(ScatteringWeight.java:46)
                                                                  at net.ssehub.kernel_haven.metric_haven.metric_components.weights.CachedWeightFactory.createSdWeight(CachedWeightFactory.java:62)
                                                                  at net.ssehub.kernel_haven.metric_haven.metric_components.weights.CachedWeightFactory.createVariabilityWeight(CachedWeightFactory.java:347)
                                                                  at net.ssehub.kernel_haven.metric_haven.metric_components.weights.CachedWeightFactory.createVariabilityWeight(CachedWeightFactory.java:434)
                                                                  at net.ssehub.kernel_haven.metric_haven.code_metrics.MetricFactory.createAllVariations(MetricFactory.java:683)
                                                                  at net.ssehub.kernel_haven.metric_haven.metric_components.IndividualCodeMetricsRunner.createAllAtomicVariations(IndividualCodeMetricsRunner.java:342)
                                                                  at net.ssehub.kernel_haven.metric_haven.metric_components.IndividualCodeMetricsRunner.instantiateMetrics(IndividualCodeMetricsRunner.java:587)
                                                                  at net.ssehub.kernel_haven.metric_haven.metric_components.CodeMetricsRunner.execute(CodeMetricsRunner.java:353)
                                                                  at net.ssehub.kernel_haven.analysis.AnalysisComponent.lambda$start$0(AnalysisComponent.java:229)
                                                                  at java.lang.Thread.run(Thread.java:748)
[2020-01-18 02:16:26] [info   ] [IndividualCodeMetricsRunner] Analysis component IndividualCodeMetricsRunner done
                                                              Execution took 04:20.106
[2020-01-18 02:16:26] [info   ] [Setup] Analysis has finished
[2020-01-18 02:16:26] [info   ] [Setup] Not archiving pipeline (not enabled by user)
[2020-01-18 02:16:26] [status ] [Setup] Pipeline done; exiting...
