[2020-01-17 22:49:38] [info   ] [Setup] Start executing KernelHaven with configuration file /tmp/SingleMetricAnalysis926123249691777995.properties
[2020-01-17 22:49:38] [info   ] [Setup] System Info:
                                        	KernelHaven Version: Built at 2019-11-28 14:29:10
                                        	OS Name: Linux
                                        	OS Version: 4.4.0-169-generic
                                        	OS Arch: amd64
                                        	Java Home: /usr/lib/jvm/java-8-oracle/jre
                                        	Java Vendor: Oracle Corporation
                                        	Java Version: 1.8.0_201
                                        	Java VM Name: Java HotSpot(TM) 64-Bit Server VM
                                        	Java VM Version: 25.201-b09
                                        	Java VM Vendor: Oracle Corporation
                                        	Working Directory: /mnt/Linux-Analyses/MailCrawler/instance2/kh
                                        	Temporary Directory: /mnt/Linux-Analyses/MailCrawler/instance2/kh/tmp
                                        	File Encoding: UTF-8
                                        	Java Class Path: KernelHaven.jar
                                        	Maximum Memory: 38.33 GiB
                                        	Available Processors: 48
[2020-01-17 22:49:38] [info   ] [Setup] Start setting up pipeline...
[2020-01-17 22:49:38] [info   ] [Setup] Loading jars from directory /mnt/Linux-Analyses/MailCrawler/instance2/kh/plugins
[2020-01-17 22:49:38] [info   ] [Setup] IncrementalAnalysesInfrastructure.jar version: Built at 2019-12-12 13:33:10
[2020-01-17 22:49:38] [info   ] [Setup] UndertakerExtractor.jar version: Built at 2019-11-28 14:31:37
[2020-01-17 22:49:38] [info   ] [Setup] CnfUtils.jar version: Built at 2019-11-28 14:35:46
[2020-01-17 22:49:38] [info   ] [Setup] KconfigReaderExtractor.jar version: Built at 2019-11-28 14:33:44
[2020-01-17 22:49:38] [info   ] [Setup] CppUtils.jar version: Built at 2019-11-28 14:35:21
[2020-01-17 22:49:38] [info   ] [Setup] ProblemSolutionSpaceDivergenceCorrectorAnalysis.jar version: Built at 2019-11-28 16:37:10
[2020-01-17 22:49:38] [info   ] [Setup] TypeChefExtractor.jar version: Built at 2019-11-28 14:31:53
[2020-01-17 22:49:38] [info   ] [Setup] ProblemSolutionSpaceMapperAnalysis.jar version: Built at 2019-11-28 16:11:10
[2020-01-17 22:49:38] [info   ] [Setup] DBUtils.jar version: Built at 2019-11-28 14:35:09
[2020-01-17 22:49:38] [info   ] [Setup] IOUtils.jar version: Built at 2019-11-28 14:34:16
[2020-01-17 22:49:38] [info   ] [Setup] FeatureEffectAnalysis.jar version: Built at 2019-11-28 14:34:47
[2020-01-17 22:49:38] [info   ] [Setup] SrcMLExtractor.jar version: Built at 2019-11-28 14:32:21
[2020-01-17 22:49:38] [info   ] [Setup] BusybootPreparation.jar version: Built at 2019-11-28 14:36:12
[2020-01-17 22:49:38] [info   ] [Setup] ProblemSolutionSpaceDivergenceDetectorAnalysis.jar version: Built at 2019-11-28 16:32:10
[2020-01-17 22:49:38] [info   ] [Setup] MetricHaven.jar version: Built at 2020-01-15 10:20:10
[2020-01-17 22:49:38] [info   ] [Setup] CodeBlockExtractor.jar version: Built at 2019-11-28 14:35:37
[2020-01-17 22:49:38] [info   ] [Setup] UnDeadAnalyzer.jar version: Built at 2019-11-28 15:01:11
[2020-01-17 22:49:38] [info   ] [Setup] EntityLocatorAnalysis.jar version: Built at 2019-11-28 14:34:59
[2020-01-17 22:49:38] [info   ] [Setup] KbuildMinerExtractor.jar version: Built at 2019-11-28 14:33:56
[2020-01-17 22:49:38] [info   ] [Setup] Successfully loaded 19 jars
[2020-01-17 22:49:38] [info   ] [Setup] Loading all classes specified in loadClasses.txt ...
[2020-01-17 22:49:39] [info   ] [Setup] Loaded 4 classes specified in loadClasses.txt files
[2020-01-17 22:49:39] [info   ] [Setup] Instantiating extractors...
[2020-01-17 22:49:39] [info   ] [Setup] Successfully instantiated variability extractor net.ssehub.kernel_haven.kconfigreader.KconfigReaderExtractor
[2020-01-17 22:49:39] [info   ] [Setup] Successfully instantiated build extractor net.ssehub.kernel_haven.kbuildminer.KbuildMinerExtractor
[2020-01-17 22:49:39] [info   ] [Setup] Successfully instantiated code extractor net.ssehub.kernel_haven.srcml.SrcMLExtractor
[2020-01-17 22:49:39] [info   ] [Setup] Creating providers...
[2020-01-17 22:49:39] [info   ] [Setup] Created variability provider
[2020-01-17 22:49:39] [info   ] [Setup] Created build provider
[2020-01-17 22:49:39] [info   ] [Setup] Created code provider
[2020-01-17 22:49:39] [info   ] [Setup] Instantiating analysis...
[2020-01-17 22:49:39] [info   ] [Setup] Successfully instantiated analysis net.ssehub.kernel_haven.metric_haven.metric_components.MetricsRunner
[2020-01-17 22:49:39] [info   ] [Setup] Starting analysis...
[2020-01-17 22:49:39] [info   ] [AnalysisPipelineController] MetricHaven executes atomic set and ignores further metric-specific configuration settings.
[2020-01-17 22:49:39] [status ] [KconfigReaderExtractor] Starting on 1 targets in 1 threads
[2020-01-17 22:49:39] [info   ] [IndividualCodeMetricsRunner] Analysis component IndividualCodeMetricsRunner starting
[2020-01-17 22:49:39] [status ] [KbuildMinerExtractor] Starting on 1 targets in 1 threads
[2020-01-17 22:49:40] [status ] [SrcMLExtractor] Starting on 31950 targets in 6 threads
[2020-01-17 22:50:08] [info   ] [ProgressLogger] KconfigReaderExtractor processed 0 of 1 (0%) items
                                                 KbuildMinerExtractor processed 0 of 1 (0%) items
                                                 SrcMLExtractor processed 4696 of 31950 (14%) items
[2020-01-17 22:50:29] [error  ] [KconfigReaderExtractor-1] Exception while parsing KconfigReader output:
                                                           net.ssehub.kernel_haven.util.FormatException: Found variable CONFIG_TEST_MODULE_MODULE in DIMACS but not in RSF
                                                               at net.ssehub.kernel_haven.kconfigreader.Converter.convert(Converter.java:146)
                                                               at net.ssehub.kernel_haven.kconfigreader.KconfigReaderExtractor.runOnFile(KconfigReaderExtractor.java:208)
                                                               at net.ssehub.kernel_haven.kconfigreader.KconfigReaderExtractor.runOnFile(KconfigReaderExtractor.java:58)
                                                               at net.ssehub.kernel_haven.provider.AbstractExtractor$WorkerThread.run(AbstractExtractor.java:142)
[2020-01-17 22:50:29] [error  ] [ExtractorDataDuplicator] Got VM-Extractor exception:
                                                          net.ssehub.kernel_haven.util.ExtractorException: net.ssehub.kernel_haven.util.FormatException: Found variable CONFIG_TEST_MODULE_MODULE in DIMACS but not in RSF
                                                              at net.ssehub.kernel_haven.kconfigreader.KconfigReaderExtractor.runOnFile(KconfigReaderExtractor.java:212)
                                                              at net.ssehub.kernel_haven.kconfigreader.KconfigReaderExtractor.runOnFile(KconfigReaderExtractor.java:58)
                                                              at net.ssehub.kernel_haven.provider.AbstractExtractor$WorkerThread.run(AbstractExtractor.java:142)
                                                          Caused by:
                                                          net.ssehub.kernel_haven.util.FormatException: Found variable CONFIG_TEST_MODULE_MODULE in DIMACS but not in RSF
                                                              at net.ssehub.kernel_haven.kconfigreader.Converter.convert(Converter.java:146)
                                                              at net.ssehub.kernel_haven.kconfigreader.KconfigReaderExtractor.runOnFile(KconfigReaderExtractor.java:208)
                                                              at net.ssehub.kernel_haven.kconfigreader.KconfigReaderExtractor.runOnFile(KconfigReaderExtractor.java:58)
                                                              at net.ssehub.kernel_haven.provider.AbstractExtractor$WorkerThread.run(AbstractExtractor.java:142)
[2020-01-17 22:50:29] [info   ] [ProgressLogger] KconfigReaderExtractor processed 1 of 1 (100%) items and finished in 00:50.322
                                                 KbuildMinerExtractor processed 0 of 1 (0%) items
                                                 SrcMLExtractor processed 8650 of 31950 (27%) items
[2020-01-17 22:50:36] [error  ] [ExtractorDataDuplicator] Got BM-Extractor exception:
                                                          net.ssehub.kernel_haven.util.ExtractorException: Did not get a variability model
                                                              at net.ssehub.kernel_haven.kbuildminer.KbuildMinerExtractor.runOnFile(KbuildMinerExtractor.java:112)
                                                              at net.ssehub.kernel_haven.kbuildminer.KbuildMinerExtractor.runOnFile(KbuildMinerExtractor.java:44)
                                                              at net.ssehub.kernel_haven.provider.AbstractExtractor$WorkerThread.run(AbstractExtractor.java:142)
[2020-01-17 22:50:36] [info   ] [ProgressLogger] KbuildMinerExtractor processed 1 of 1 (100%) items and finished in 00:57.015
                                                 SrcMLExtractor processed 10099 of 31950 (31%) items
[2020-01-17 22:50:36] [info   ] [FunctionMapCreator] Analysis component FunctionMapCreator starting
[2020-01-17 22:50:36] [info   ] [FeatureSizeEstimator] Analysis component FeatureSizeEstimator starting
[2020-01-17 22:50:36] [info   ] [VariabilityCounter] Analysis component VariabilityCounter starting
[2020-01-17 22:50:36] [error  ] [VariabilityCounter] Did not get a variability model
                                                     Can't create any results
[2020-01-17 22:50:36] [info   ] [VariabilityCounter] Analysis component VariabilityCounter done
                                                     Execution took 00:00.022
[2020-01-17 22:50:36] [error  ] [FeatureSizeEstimator] Did not get a variability model
                                                       Can't create any results
[2020-01-17 22:50:36] [info   ] [FeatureSizeEstimator] Analysis component FeatureSizeEstimator done
                                                       Execution took 00:00.024
[2020-01-17 22:50:36] [info   ] [OrderedCodeFunctionFilter] Analysis component OrderedCodeFunctionFilter starting
[2020-01-17 22:50:36] [info   ] [CodeFunctionFilter] Analysis component CodeFunctionFilter starting
[2020-01-17 22:51:06] [info   ] [ProgressLogger] SrcMLExtractor processed 14058 of 31950 (44%) items
                                                 CodeFunctionFilter processed 13973 items
[2020-01-17 22:51:36] [info   ] [ProgressLogger] SrcMLExtractor processed 17379 of 31950 (54%) items
                                                 CodeFunctionFilter processed 17283 items
[2020-01-17 22:52:06] [info   ] [ProgressLogger] SrcMLExtractor processed 19556 of 31950 (61%) items
                                                 CodeFunctionFilter processed 19451 items
[2020-01-17 22:52:36] [info   ] [ProgressLogger] SrcMLExtractor processed 22656 of 31950 (70%) items
                                                 CodeFunctionFilter processed 22537 items
[2020-01-17 22:53:06] [info   ] [ProgressLogger] SrcMLExtractor processed 25609 of 31950 (80%) items
                                                 CodeFunctionFilter processed 25472 items
[2020-01-17 22:53:36] [info   ] [ProgressLogger] SrcMLExtractor processed 28454 of 31950 (89%) items
                                                 CodeFunctionFilter processed 28308 items
[2020-01-17 22:54:05] [info   ] [ProgressLogger] SrcMLExtractor processed 31950 of 31950 (100%) items and finished in 04:25.452
                                                 CodeFunctionFilter processed 31783 items
[2020-01-17 22:54:05] [warning] [ExtractorDataDuplicator] CM-Extractor: Got 31784 elements and 166 exceptions
[2020-01-17 22:54:05] [info   ] [CodeFunctionFilter] Discarded 3602 functions that contained an ErrorElement
[2020-01-17 22:54:05] [info   ] [CodeFunctionFilter] Analysis component CodeFunctionFilter done
                                                     Execution took 03:28.855
[2020-01-17 22:54:05] [info   ] [ProgressLogger] CodeFunctionFilter processed 31784 items and finished in 03:28.854
[2020-01-17 22:54:06] [info   ] [ProgressLogger] OrderedCodeFunctionFilter processed 2146921 items and finished in 00:00.772
[2020-01-17 22:54:06] [info   ] [OrderedCodeFunctionFilter] Analysis component OrderedCodeFunctionFilter done
                                                            Execution took 03:29.670
[2020-01-17 22:54:12] [info   ] [FunctionMapCreator] Analysis component FunctionMapCreator done
                                                     Execution took 03:36.328
[2020-01-17 22:54:12] [info   ] [ProgressLogger] FunctionMapCreator processed 360021 of 360021 (100%) items and finished in 00:06.175
[2020-01-17 22:54:12] [error  ] [IndividualCodeMetricsRunner] Could not create metric instances:
                                                              net.ssehub.kernel_haven.SetUpException: ScatteringWeight requires a ScatteringDegreeContainer
                                                                  at net.ssehub.kernel_haven.metric_haven.metric_components.weights.ScatteringWeight.<init>(ScatteringWeight.java:46)
                                                                  at net.ssehub.kernel_haven.metric_haven.metric_components.weights.CachedWeightFactory.createSdWeight(CachedWeightFactory.java:62)
                                                                  at net.ssehub.kernel_haven.metric_haven.metric_components.weights.CachedWeightFactory.createVariabilityWeight(CachedWeightFactory.java:347)
                                                                  at net.ssehub.kernel_haven.metric_haven.metric_components.weights.CachedWeightFactory.createVariabilityWeight(CachedWeightFactory.java:434)
                                                                  at net.ssehub.kernel_haven.metric_haven.code_metrics.MetricFactory.createAllVariations(MetricFactory.java:683)
                                                                  at net.ssehub.kernel_haven.metric_haven.metric_components.IndividualCodeMetricsRunner.createAllAtomicVariations(IndividualCodeMetricsRunner.java:342)
                                                                  at net.ssehub.kernel_haven.metric_haven.metric_components.IndividualCodeMetricsRunner.instantiateMetrics(IndividualCodeMetricsRunner.java:587)
                                                                  at net.ssehub.kernel_haven.metric_haven.metric_components.CodeMetricsRunner.execute(CodeMetricsRunner.java:353)
                                                                  at net.ssehub.kernel_haven.analysis.AnalysisComponent.lambda$start$0(AnalysisComponent.java:229)
                                                                  at java.lang.Thread.run(Thread.java:748)
[2020-01-17 22:54:12] [info   ] [IndividualCodeMetricsRunner] Analysis component IndividualCodeMetricsRunner done
                                                              Execution took 04:33.385
[2020-01-17 22:54:12] [info   ] [Setup] Analysis has finished
[2020-01-17 22:54:12] [info   ] [Setup] Not archiving pipeline (not enabled by user)
[2020-01-17 22:54:12] [status ] [Setup] Pipeline done; exiting...
