[2020-01-17 23:17:32] [info   ] [Setup] Start executing KernelHaven with configuration file /tmp/SingleMetricAnalysis428605792172977458.properties
[2020-01-17 23:17:32] [info   ] [Setup] System Info:
                                        	KernelHaven Version: Built at 2019-11-28 14:29:10
                                        	OS Name: Linux
                                        	OS Version: 4.4.0-169-generic
                                        	OS Arch: amd64
                                        	Java Home: /usr/lib/jvm/java-8-oracle/jre
                                        	Java Vendor: Oracle Corporation
                                        	Java Version: 1.8.0_201
                                        	Java VM Name: Java HotSpot(TM) 64-Bit Server VM
                                        	Java VM Version: 25.201-b09
                                        	Java VM Vendor: Oracle Corporation
                                        	Working Directory: /mnt/Linux-Analyses/MailCrawler/instance1/kh
                                        	Temporary Directory: /mnt/Linux-Analyses/MailCrawler/instance1/kh/tmp
                                        	File Encoding: UTF-8
                                        	Java Class Path: KernelHaven.jar
                                        	Maximum Memory: 38.33 GiB
                                        	Available Processors: 48
[2020-01-17 23:17:32] [info   ] [Setup] Start setting up pipeline...
[2020-01-17 23:17:32] [info   ] [Setup] Loading jars from directory /mnt/Linux-Analyses/MailCrawler/instance1/kh/plugins
[2020-01-17 23:17:32] [info   ] [Setup] IncrementalAnalysesInfrastructure.jar version: Built at 2019-12-12 13:33:10
[2020-01-17 23:17:32] [info   ] [Setup] UndertakerExtractor.jar version: Built at 2019-11-28 14:31:37
[2020-01-17 23:17:32] [info   ] [Setup] CnfUtils.jar version: Built at 2019-11-28 14:35:46
[2020-01-17 23:17:32] [info   ] [Setup] KconfigReaderExtractor.jar version: Built at 2019-11-28 14:33:44
[2020-01-17 23:17:32] [info   ] [Setup] CppUtils.jar version: Built at 2019-11-28 14:35:21
[2020-01-17 23:17:32] [info   ] [Setup] ProblemSolutionSpaceDivergenceCorrectorAnalysis.jar version: Built at 2019-11-28 16:37:10
[2020-01-17 23:17:32] [info   ] [Setup] TypeChefExtractor.jar version: Built at 2019-11-28 14:31:53
[2020-01-17 23:17:32] [info   ] [Setup] ProblemSolutionSpaceMapperAnalysis.jar version: Built at 2019-11-28 16:11:10
[2020-01-17 23:17:32] [info   ] [Setup] DBUtils.jar version: Built at 2019-11-28 14:35:09
[2020-01-17 23:17:32] [info   ] [Setup] IOUtils.jar version: Built at 2019-11-28 14:34:16
[2020-01-17 23:17:32] [info   ] [Setup] FeatureEffectAnalysis.jar version: Built at 2019-11-28 14:34:47
[2020-01-17 23:17:32] [info   ] [Setup] SrcMLExtractor.jar version: Built at 2019-11-28 14:32:21
[2020-01-17 23:17:32] [info   ] [Setup] BusybootPreparation.jar version: Built at 2019-11-28 14:36:12
[2020-01-17 23:17:32] [info   ] [Setup] ProblemSolutionSpaceDivergenceDetectorAnalysis.jar version: Built at 2019-11-28 16:32:10
[2020-01-17 23:17:32] [info   ] [Setup] MetricHaven.jar version: Built at 2020-01-15 10:20:10
[2020-01-17 23:17:32] [info   ] [Setup] CodeBlockExtractor.jar version: Built at 2019-11-28 14:35:37
[2020-01-17 23:17:32] [info   ] [Setup] UnDeadAnalyzer.jar version: Built at 2019-11-28 15:01:11
[2020-01-17 23:17:32] [info   ] [Setup] EntityLocatorAnalysis.jar version: Built at 2019-11-28 14:34:59
[2020-01-17 23:17:32] [info   ] [Setup] KbuildMinerExtractor.jar version: Built at 2019-11-28 14:33:56
[2020-01-17 23:17:32] [info   ] [Setup] Successfully loaded 19 jars
[2020-01-17 23:17:32] [info   ] [Setup] Loading all classes specified in loadClasses.txt ...
[2020-01-17 23:17:33] [info   ] [Setup] Loaded 4 classes specified in loadClasses.txt files
[2020-01-17 23:17:33] [info   ] [Setup] Instantiating extractors...
[2020-01-17 23:17:33] [info   ] [Setup] Successfully instantiated variability extractor net.ssehub.kernel_haven.kconfigreader.KconfigReaderExtractor
[2020-01-17 23:17:33] [info   ] [Setup] Successfully instantiated build extractor net.ssehub.kernel_haven.kbuildminer.KbuildMinerExtractor
[2020-01-17 23:17:33] [info   ] [Setup] Successfully instantiated code extractor net.ssehub.kernel_haven.srcml.SrcMLExtractor
[2020-01-17 23:17:33] [info   ] [Setup] Creating providers...
[2020-01-17 23:17:33] [info   ] [Setup] Created variability provider
[2020-01-17 23:17:33] [info   ] [Setup] Created build provider
[2020-01-17 23:17:33] [info   ] [Setup] Created code provider
[2020-01-17 23:17:33] [info   ] [Setup] Instantiating analysis...
[2020-01-17 23:17:33] [info   ] [Setup] Successfully instantiated analysis net.ssehub.kernel_haven.metric_haven.metric_components.MetricsRunner
[2020-01-17 23:17:33] [info   ] [Setup] Starting analysis...
[2020-01-17 23:17:33] [info   ] [AnalysisPipelineController] MetricHaven executes atomic set and ignores further metric-specific configuration settings.
[2020-01-17 23:17:33] [status ] [KconfigReaderExtractor] Starting on 1 targets in 1 threads
[2020-01-17 23:17:33] [status ] [KbuildMinerExtractor] Starting on 1 targets in 1 threads
[2020-01-17 23:17:33] [info   ] [IndividualCodeMetricsRunner] Analysis component IndividualCodeMetricsRunner starting
[2020-01-17 23:17:33] [status ] [SrcMLExtractor] Starting on 32428 targets in 6 threads
[2020-01-17 23:18:02] [info   ] [ProgressLogger] KconfigReaderExtractor processed 0 of 1 (0%) items
                                                 KbuildMinerExtractor processed 0 of 1 (0%) items
                                                 SrcMLExtractor processed 5921 of 32428 (18%) items
[2020-01-17 23:18:16] [error  ] [KconfigReaderExtractor-1] Exception while parsing KconfigReader output:
                                                           net.ssehub.kernel_haven.util.FormatException: Found variable CONFIG_TEST_MODULE_MODULE in DIMACS but not in RSF
                                                               at net.ssehub.kernel_haven.kconfigreader.Converter.convert(Converter.java:146)
                                                               at net.ssehub.kernel_haven.kconfigreader.KconfigReaderExtractor.runOnFile(KconfigReaderExtractor.java:208)
                                                               at net.ssehub.kernel_haven.kconfigreader.KconfigReaderExtractor.runOnFile(KconfigReaderExtractor.java:58)
                                                               at net.ssehub.kernel_haven.provider.AbstractExtractor$WorkerThread.run(AbstractExtractor.java:142)
[2020-01-17 23:18:16] [info   ] [ProgressLogger] KconfigReaderExtractor processed 1 of 1 (100%) items and finished in 00:43.406
                                                 KbuildMinerExtractor processed 0 of 1 (0%) items
                                                 SrcMLExtractor processed 8672 of 32428 (26%) items
[2020-01-17 23:18:16] [error  ] [ExtractorDataDuplicator] Got VM-Extractor exception:
                                                          net.ssehub.kernel_haven.util.ExtractorException: net.ssehub.kernel_haven.util.FormatException: Found variable CONFIG_TEST_MODULE_MODULE in DIMACS but not in RSF
                                                              at net.ssehub.kernel_haven.kconfigreader.KconfigReaderExtractor.runOnFile(KconfigReaderExtractor.java:212)
                                                              at net.ssehub.kernel_haven.kconfigreader.KconfigReaderExtractor.runOnFile(KconfigReaderExtractor.java:58)
                                                              at net.ssehub.kernel_haven.provider.AbstractExtractor$WorkerThread.run(AbstractExtractor.java:142)
                                                          Caused by:
                                                          net.ssehub.kernel_haven.util.FormatException: Found variable CONFIG_TEST_MODULE_MODULE in DIMACS but not in RSF
                                                              at net.ssehub.kernel_haven.kconfigreader.Converter.convert(Converter.java:146)
                                                              at net.ssehub.kernel_haven.kconfigreader.KconfigReaderExtractor.runOnFile(KconfigReaderExtractor.java:208)
                                                              at net.ssehub.kernel_haven.kconfigreader.KconfigReaderExtractor.runOnFile(KconfigReaderExtractor.java:58)
                                                              at net.ssehub.kernel_haven.provider.AbstractExtractor$WorkerThread.run(AbstractExtractor.java:142)
[2020-01-17 23:18:31] [error  ] [ExtractorDataDuplicator] Got BM-Extractor exception:
                                                          net.ssehub.kernel_haven.util.ExtractorException: Did not get a variability model
                                                              at net.ssehub.kernel_haven.kbuildminer.KbuildMinerExtractor.runOnFile(KbuildMinerExtractor.java:112)
                                                              at net.ssehub.kernel_haven.kbuildminer.KbuildMinerExtractor.runOnFile(KbuildMinerExtractor.java:44)
                                                              at net.ssehub.kernel_haven.provider.AbstractExtractor$WorkerThread.run(AbstractExtractor.java:142)
[2020-01-17 23:18:31] [info   ] [ProgressLogger] KbuildMinerExtractor processed 1 of 1 (100%) items and finished in 00:57.875
                                                 SrcMLExtractor processed 11930 of 32428 (36%) items
[2020-01-17 23:18:31] [info   ] [FunctionMapCreator] Analysis component FunctionMapCreator starting
[2020-01-17 23:18:31] [info   ] [VariabilityCounter] Analysis component VariabilityCounter starting
[2020-01-17 23:18:31] [info   ] [FeatureSizeEstimator] Analysis component FeatureSizeEstimator starting
[2020-01-17 23:18:31] [error  ] [VariabilityCounter] Did not get a variability model
                                                     Can't create any results
[2020-01-17 23:18:31] [info   ] [VariabilityCounter] Analysis component VariabilityCounter done
                                                     Execution took 00:00.001
[2020-01-17 23:18:31] [error  ] [FeatureSizeEstimator] Did not get a variability model
                                                       Can't create any results
[2020-01-17 23:18:31] [info   ] [OrderedCodeFunctionFilter] Analysis component OrderedCodeFunctionFilter starting
[2020-01-17 23:18:31] [info   ] [FeatureSizeEstimator] Analysis component FeatureSizeEstimator done
                                                       Execution took 00:00.001
[2020-01-17 23:18:31] [info   ] [CodeFunctionFilter] Analysis component CodeFunctionFilter starting
[2020-01-17 23:19:01] [info   ] [ProgressLogger] SrcMLExtractor processed 15019 of 32428 (46%) items
                                                 CodeFunctionFilter processed 14929 items
[2020-01-17 23:19:31] [info   ] [ProgressLogger] SrcMLExtractor processed 18003 of 32428 (55%) items
                                                 CodeFunctionFilter processed 17903 items
[2020-01-17 23:20:01] [info   ] [ProgressLogger] SrcMLExtractor processed 20549 of 32428 (63%) items
                                                 CodeFunctionFilter processed 20439 items
[2020-01-17 23:20:31] [info   ] [ProgressLogger] SrcMLExtractor processed 23884 of 32428 (73%) items
                                                 CodeFunctionFilter processed 23758 items
[2020-01-17 23:21:01] [info   ] [ProgressLogger] SrcMLExtractor processed 26885 of 32428 (82%) items
                                                 CodeFunctionFilter processed 26746 items
[2020-01-17 23:21:31] [info   ] [ProgressLogger] SrcMLExtractor processed 30279 of 32428 (93%) items
                                                 CodeFunctionFilter processed 30123 items
[2020-01-17 23:21:47] [info   ] [ProgressLogger] SrcMLExtractor processed 32428 of 32428 (100%) items and finished in 04:13.793
                                                 CodeFunctionFilter processed 32259 items
[2020-01-17 23:21:47] [warning] [ExtractorDataDuplicator] CM-Extractor: Got 32260 elements and 168 exceptions
[2020-01-17 23:21:47] [info   ] [CodeFunctionFilter] Discarded 3627 functions that contained an ErrorElement
[2020-01-17 23:21:47] [info   ] [CodeFunctionFilter] Analysis component CodeFunctionFilter done
                                                     Execution took 03:16.347
[2020-01-17 23:21:47] [info   ] [ProgressLogger] CodeFunctionFilter processed 32260 items and finished in 03:16.347
[2020-01-17 23:21:48] [info   ] [ProgressLogger] OrderedCodeFunctionFilter processed 2184229 items and finished in 00:00.796
[2020-01-17 23:21:48] [info   ] [OrderedCodeFunctionFilter] Analysis component OrderedCodeFunctionFilter done
                                                            Execution took 03:17.145
[2020-01-17 23:21:54] [info   ] [FunctionMapCreator] Analysis component FunctionMapCreator done
                                                     Execution took 03:23.680
[2020-01-17 23:21:54] [info   ] [ProgressLogger] FunctionMapCreator processed 366351 of 366351 (100%) items and finished in 00:06.137
[2020-01-17 23:21:54] [error  ] [IndividualCodeMetricsRunner] Could not create metric instances:
                                                              net.ssehub.kernel_haven.SetUpException: ScatteringWeight requires a ScatteringDegreeContainer
                                                                  at net.ssehub.kernel_haven.metric_haven.metric_components.weights.ScatteringWeight.<init>(ScatteringWeight.java:46)
                                                                  at net.ssehub.kernel_haven.metric_haven.metric_components.weights.CachedWeightFactory.createSdWeight(CachedWeightFactory.java:62)
                                                                  at net.ssehub.kernel_haven.metric_haven.metric_components.weights.CachedWeightFactory.createVariabilityWeight(CachedWeightFactory.java:347)
                                                                  at net.ssehub.kernel_haven.metric_haven.metric_components.weights.CachedWeightFactory.createVariabilityWeight(CachedWeightFactory.java:434)
                                                                  at net.ssehub.kernel_haven.metric_haven.code_metrics.MetricFactory.createAllVariations(MetricFactory.java:683)
                                                                  at net.ssehub.kernel_haven.metric_haven.metric_components.IndividualCodeMetricsRunner.createAllAtomicVariations(IndividualCodeMetricsRunner.java:342)
                                                                  at net.ssehub.kernel_haven.metric_haven.metric_components.IndividualCodeMetricsRunner.instantiateMetrics(IndividualCodeMetricsRunner.java:587)
                                                                  at net.ssehub.kernel_haven.metric_haven.metric_components.CodeMetricsRunner.execute(CodeMetricsRunner.java:353)
                                                                  at net.ssehub.kernel_haven.analysis.AnalysisComponent.lambda$start$0(AnalysisComponent.java:229)
                                                                  at java.lang.Thread.run(Thread.java:748)
[2020-01-17 23:21:54] [info   ] [IndividualCodeMetricsRunner] Analysis component IndividualCodeMetricsRunner done
                                                              Execution took 04:21.566
[2020-01-17 23:21:54] [info   ] [Setup] Analysis has finished
[2020-01-17 23:21:54] [info   ] [Setup] Not archiving pipeline (not enabled by user)
[2020-01-17 23:21:54] [status ] [Setup] Pipeline done; exiting...
