[2020-01-18 12:41:32] [info   ] [Setup] Start executing KernelHaven with configuration file /tmp/SingleMetricAnalysis1491268454366300172.properties
[2020-01-18 12:41:32] [info   ] [Setup] System Info:
                                        	KernelHaven Version: Built at 2019-11-28 14:29:10
                                        	OS Name: Linux
                                        	OS Version: 4.4.0-169-generic
                                        	OS Arch: amd64
                                        	Java Home: /usr/lib/jvm/java-8-oracle/jre
                                        	Java Vendor: Oracle Corporation
                                        	Java Version: 1.8.0_201
                                        	Java VM Name: Java HotSpot(TM) 64-Bit Server VM
                                        	Java VM Version: 25.201-b09
                                        	Java VM Vendor: Oracle Corporation
                                        	Working Directory: /mnt/Linux-Analyses/MailCrawler/instance5/kh
                                        	Temporary Directory: /mnt/Linux-Analyses/MailCrawler/instance5/kh/tmp
                                        	File Encoding: UTF-8
                                        	Java Class Path: KernelHaven.jar
                                        	Maximum Memory: 38.33 GiB
                                        	Available Processors: 48
[2020-01-18 12:41:32] [info   ] [Setup] Start setting up pipeline...
[2020-01-18 12:41:32] [info   ] [Setup] Loading jars from directory /mnt/Linux-Analyses/MailCrawler/instance5/kh/plugins
[2020-01-18 12:41:32] [info   ] [Setup] IncrementalAnalysesInfrastructure.jar version: Built at 2019-12-12 13:33:10
[2020-01-18 12:41:32] [info   ] [Setup] UndertakerExtractor.jar version: Built at 2019-11-28 14:31:37
[2020-01-18 12:41:32] [info   ] [Setup] CnfUtils.jar version: Built at 2019-11-28 14:35:46
[2020-01-18 12:41:32] [info   ] [Setup] KconfigReaderExtractor.jar version: Built at 2019-11-28 14:33:44
[2020-01-18 12:41:32] [info   ] [Setup] CppUtils.jar version: Built at 2019-11-28 14:35:21
[2020-01-18 12:41:32] [info   ] [Setup] ProblemSolutionSpaceDivergenceCorrectorAnalysis.jar version: Built at 2019-11-28 16:37:10
[2020-01-18 12:41:32] [info   ] [Setup] TypeChefExtractor.jar version: Built at 2019-11-28 14:31:53
[2020-01-18 12:41:32] [info   ] [Setup] ProblemSolutionSpaceMapperAnalysis.jar version: Built at 2019-11-28 16:11:10
[2020-01-18 12:41:32] [info   ] [Setup] DBUtils.jar version: Built at 2019-11-28 14:35:09
[2020-01-18 12:41:32] [info   ] [Setup] IOUtils.jar version: Built at 2019-11-28 14:34:16
[2020-01-18 12:41:32] [info   ] [Setup] FeatureEffectAnalysis.jar version: Built at 2019-11-28 14:34:47
[2020-01-18 12:41:32] [info   ] [Setup] SrcMLExtractor.jar version: Built at 2019-11-28 14:32:21
[2020-01-18 12:41:32] [info   ] [Setup] BusybootPreparation.jar version: Built at 2019-11-28 14:36:12
[2020-01-18 12:41:32] [info   ] [Setup] ProblemSolutionSpaceDivergenceDetectorAnalysis.jar version: Built at 2019-11-28 16:32:10
[2020-01-18 12:41:32] [info   ] [Setup] MetricHaven.jar version: Built at 2020-01-15 10:20:10
[2020-01-18 12:41:32] [info   ] [Setup] CodeBlockExtractor.jar version: Built at 2019-11-28 14:35:37
[2020-01-18 12:41:32] [info   ] [Setup] UnDeadAnalyzer.jar version: Built at 2019-11-28 15:01:11
[2020-01-18 12:41:32] [info   ] [Setup] EntityLocatorAnalysis.jar version: Built at 2019-11-28 14:34:59
[2020-01-18 12:41:32] [info   ] [Setup] KbuildMinerExtractor.jar version: Built at 2019-11-28 14:33:56
[2020-01-18 12:41:32] [info   ] [Setup] Successfully loaded 19 jars
[2020-01-18 12:41:32] [info   ] [Setup] Loading all classes specified in loadClasses.txt ...
[2020-01-18 12:41:33] [info   ] [Setup] Loaded 4 classes specified in loadClasses.txt files
[2020-01-18 12:41:33] [info   ] [Setup] Instantiating extractors...
[2020-01-18 12:41:33] [info   ] [Setup] Successfully instantiated variability extractor net.ssehub.kernel_haven.kconfigreader.KconfigReaderExtractor
[2020-01-18 12:41:33] [info   ] [Setup] Successfully instantiated build extractor net.ssehub.kernel_haven.kbuildminer.KbuildMinerExtractor
[2020-01-18 12:41:33] [info   ] [Setup] Successfully instantiated code extractor net.ssehub.kernel_haven.srcml.SrcMLExtractor
[2020-01-18 12:41:33] [info   ] [Setup] Creating providers...
[2020-01-18 12:41:33] [info   ] [Setup] Created variability provider
[2020-01-18 12:41:33] [info   ] [Setup] Created build provider
[2020-01-18 12:41:33] [info   ] [Setup] Created code provider
[2020-01-18 12:41:33] [info   ] [Setup] Instantiating analysis...
[2020-01-18 12:41:33] [info   ] [Setup] Successfully instantiated analysis net.ssehub.kernel_haven.metric_haven.metric_components.MetricsRunner
[2020-01-18 12:41:33] [info   ] [Setup] Starting analysis...
[2020-01-18 12:41:33] [info   ] [AnalysisPipelineController] MetricHaven executes atomic set and ignores further metric-specific configuration settings.
[2020-01-18 12:41:33] [info   ] [IndividualCodeMetricsRunner] Analysis component IndividualCodeMetricsRunner starting
[2020-01-18 12:41:33] [status ] [KconfigReaderExtractor] Starting on 1 targets in 1 threads
[2020-01-18 12:41:33] [status ] [KbuildMinerExtractor] Starting on 1 targets in 1 threads
[2020-01-18 12:41:33] [status ] [SrcMLExtractor] Starting on 32629 targets in 6 threads
[2020-01-18 12:42:02] [info   ] [ProgressLogger] KconfigReaderExtractor processed 0 of 1 (0%) items
                                                 KbuildMinerExtractor processed 0 of 1 (0%) items
                                                 SrcMLExtractor processed 5451 of 32629 (16%) items
[2020-01-18 12:42:20] [error  ] [KconfigReaderExtractor-1] Exception while parsing KconfigReader output:
                                                           net.ssehub.kernel_haven.util.FormatException: Found variable CONFIG_TEST_MODULE_MODULE in DIMACS but not in RSF
                                                               at net.ssehub.kernel_haven.kconfigreader.Converter.convert(Converter.java:146)
                                                               at net.ssehub.kernel_haven.kconfigreader.KconfigReaderExtractor.runOnFile(KconfigReaderExtractor.java:208)
                                                               at net.ssehub.kernel_haven.kconfigreader.KconfigReaderExtractor.runOnFile(KconfigReaderExtractor.java:58)
                                                               at net.ssehub.kernel_haven.provider.AbstractExtractor$WorkerThread.run(AbstractExtractor.java:142)
[2020-01-18 12:42:20] [error  ] [ExtractorDataDuplicator] Got VM-Extractor exception:
                                                          net.ssehub.kernel_haven.util.ExtractorException: net.ssehub.kernel_haven.util.FormatException: Found variable CONFIG_TEST_MODULE_MODULE in DIMACS but not in RSF
                                                              at net.ssehub.kernel_haven.kconfigreader.KconfigReaderExtractor.runOnFile(KconfigReaderExtractor.java:212)
                                                              at net.ssehub.kernel_haven.kconfigreader.KconfigReaderExtractor.runOnFile(KconfigReaderExtractor.java:58)
                                                              at net.ssehub.kernel_haven.provider.AbstractExtractor$WorkerThread.run(AbstractExtractor.java:142)
                                                          Caused by:
                                                          net.ssehub.kernel_haven.util.FormatException: Found variable CONFIG_TEST_MODULE_MODULE in DIMACS but not in RSF
                                                              at net.ssehub.kernel_haven.kconfigreader.Converter.convert(Converter.java:146)
                                                              at net.ssehub.kernel_haven.kconfigreader.KconfigReaderExtractor.runOnFile(KconfigReaderExtractor.java:208)
                                                              at net.ssehub.kernel_haven.kconfigreader.KconfigReaderExtractor.runOnFile(KconfigReaderExtractor.java:58)
                                                              at net.ssehub.kernel_haven.provider.AbstractExtractor$WorkerThread.run(AbstractExtractor.java:142)
[2020-01-18 12:42:20] [info   ] [ProgressLogger] KconfigReaderExtractor processed 1 of 1 (100%) items and finished in 00:46.649
                                                 KbuildMinerExtractor processed 0 of 1 (0%) items
                                                 SrcMLExtractor processed 9020 of 32629 (27%) items
[2020-01-18 12:42:46] [error  ] [ExtractorDataDuplicator] Got BM-Extractor exception:
                                                          net.ssehub.kernel_haven.util.ExtractorException: Did not get a variability model
                                                              at net.ssehub.kernel_haven.kbuildminer.KbuildMinerExtractor.runOnFile(KbuildMinerExtractor.java:112)
                                                              at net.ssehub.kernel_haven.kbuildminer.KbuildMinerExtractor.runOnFile(KbuildMinerExtractor.java:44)
                                                              at net.ssehub.kernel_haven.provider.AbstractExtractor$WorkerThread.run(AbstractExtractor.java:142)
[2020-01-18 12:42:46] [info   ] [ProgressLogger] KbuildMinerExtractor processed 1 of 1 (100%) items and finished in 01:13.111
                                                 SrcMLExtractor processed 13190 of 32629 (40%) items
[2020-01-18 12:42:46] [info   ] [FeatureSizeEstimator] Analysis component FeatureSizeEstimator starting
[2020-01-18 12:42:46] [info   ] [VariabilityCounter] Analysis component VariabilityCounter starting
[2020-01-18 12:42:46] [info   ] [FunctionMapCreator] Analysis component FunctionMapCreator starting
[2020-01-18 12:42:46] [error  ] [FeatureSizeEstimator] Did not get a variability model
                                                       Can't create any results
[2020-01-18 12:42:46] [info   ] [FeatureSizeEstimator] Analysis component FeatureSizeEstimator done
                                                       Execution took 00:00.002
[2020-01-18 12:42:46] [error  ] [VariabilityCounter] Did not get a variability model
                                                     Can't create any results
[2020-01-18 12:42:46] [info   ] [VariabilityCounter] Analysis component VariabilityCounter done
                                                     Execution took 00:00.003
[2020-01-18 12:42:46] [info   ] [OrderedCodeFunctionFilter] Analysis component OrderedCodeFunctionFilter starting
[2020-01-18 12:42:46] [info   ] [CodeFunctionFilter] Analysis component CodeFunctionFilter starting
[2020-01-18 12:43:16] [info   ] [ProgressLogger] SrcMLExtractor processed 16211 of 32629 (49%) items
                                                 CodeFunctionFilter processed 16124 items
[2020-01-18 12:43:46] [info   ] [ProgressLogger] SrcMLExtractor processed 18390 of 32629 (56%) items
                                                 CodeFunctionFilter processed 18292 items
[2020-01-18 12:44:16] [info   ] [ProgressLogger] SrcMLExtractor processed 20784 of 32629 (63%) items
                                                 CodeFunctionFilter processed 20679 items
[2020-01-18 12:44:46] [info   ] [ProgressLogger] SrcMLExtractor processed 23783 of 32629 (72%) items
                                                 CodeFunctionFilter processed 23661 items
[2020-01-18 12:45:16] [info   ] [ProgressLogger] SrcMLExtractor processed 26472 of 32629 (81%) items
                                                 CodeFunctionFilter processed 26336 items
[2020-01-18 12:45:46] [info   ] [ProgressLogger] SrcMLExtractor processed 29634 of 32629 (90%) items
                                                 CodeFunctionFilter processed 29486 items
[2020-01-18 12:46:15] [info   ] [ProgressLogger] SrcMLExtractor processed 32629 of 32629 (100%) items and finished in 04:41.775
                                                 CodeFunctionFilter processed 32462 items
[2020-01-18 12:46:15] [warning] [ExtractorDataDuplicator] CM-Extractor: Got 32463 elements and 166 exceptions
[2020-01-18 12:46:15] [info   ] [CodeFunctionFilter] Discarded 3595 functions that contained an ErrorElement
[2020-01-18 12:46:15] [info   ] [CodeFunctionFilter] Analysis component CodeFunctionFilter done
                                                     Execution took 03:29.075
[2020-01-18 12:46:15] [info   ] [ProgressLogger] CodeFunctionFilter processed 32463 items and finished in 03:29.075
[2020-01-18 12:46:16] [info   ] [ProgressLogger] OrderedCodeFunctionFilter processed 2210838 items and finished in 00:00.980
[2020-01-18 12:46:16] [info   ] [OrderedCodeFunctionFilter] Analysis component OrderedCodeFunctionFilter done
                                                            Execution took 03:30.056
[2020-01-18 12:46:25] [info   ] [ProgressLogger] FunctionMapCreator processed 370692 of 370692 (100%) items and finished in 00:08.749
[2020-01-18 12:46:25] [info   ] [FunctionMapCreator] Analysis component FunctionMapCreator done
                                                     Execution took 03:39.288
[2020-01-18 12:46:25] [error  ] [IndividualCodeMetricsRunner] Could not create metric instances:
                                                              net.ssehub.kernel_haven.SetUpException: ScatteringWeight requires a ScatteringDegreeContainer
                                                                  at net.ssehub.kernel_haven.metric_haven.metric_components.weights.ScatteringWeight.<init>(ScatteringWeight.java:46)
                                                                  at net.ssehub.kernel_haven.metric_haven.metric_components.weights.CachedWeightFactory.createSdWeight(CachedWeightFactory.java:62)
                                                                  at net.ssehub.kernel_haven.metric_haven.metric_components.weights.CachedWeightFactory.createVariabilityWeight(CachedWeightFactory.java:347)
                                                                  at net.ssehub.kernel_haven.metric_haven.metric_components.weights.CachedWeightFactory.createVariabilityWeight(CachedWeightFactory.java:434)
                                                                  at net.ssehub.kernel_haven.metric_haven.code_metrics.MetricFactory.createAllVariations(MetricFactory.java:683)
                                                                  at net.ssehub.kernel_haven.metric_haven.metric_components.IndividualCodeMetricsRunner.createAllAtomicVariations(IndividualCodeMetricsRunner.java:342)
                                                                  at net.ssehub.kernel_haven.metric_haven.metric_components.IndividualCodeMetricsRunner.instantiateMetrics(IndividualCodeMetricsRunner.java:587)
                                                                  at net.ssehub.kernel_haven.metric_haven.metric_components.CodeMetricsRunner.execute(CodeMetricsRunner.java:353)
                                                                  at net.ssehub.kernel_haven.analysis.AnalysisComponent.lambda$start$0(AnalysisComponent.java:229)
                                                                  at java.lang.Thread.run(Thread.java:748)
[2020-01-18 12:46:25] [info   ] [IndividualCodeMetricsRunner] Analysis component IndividualCodeMetricsRunner done
                                                              Execution took 04:52.428
[2020-01-18 12:46:25] [info   ] [Setup] Analysis has finished
[2020-01-18 12:46:25] [info   ] [Setup] Not archiving pipeline (not enabled by user)
[2020-01-18 12:46:25] [status ] [Setup] Pipeline done; exiting...
