[2020-01-16 00:20:41] [info   ] [Setup] Start executing KernelHaven with configuration file /tmp/SingleMetricAnalysis6550498638456488612.properties
[2020-01-16 00:20:41] [info   ] [Setup] System Info:
                                        	KernelHaven Version: Built at 2019-11-28 14:29:10
                                        	OS Name: Linux
                                        	OS Version: 4.4.0-169-generic
                                        	OS Arch: amd64
                                        	Java Home: /usr/lib/jvm/java-8-oracle/jre
                                        	Java Vendor: Oracle Corporation
                                        	Java Version: 1.8.0_201
                                        	Java VM Name: Java HotSpot(TM) 64-Bit Server VM
                                        	Java VM Version: 25.201-b09
                                        	Java VM Vendor: Oracle Corporation
                                        	Working Directory: /mnt/Linux-Analyses/MailCrawler/instance0/kh
                                        	Temporary Directory: /mnt/Linux-Analyses/MailCrawler/instance0/kh/tmp
                                        	File Encoding: UTF-8
                                        	Java Class Path: KernelHaven.jar
                                        	Maximum Memory: 38.33 GiB
                                        	Available Processors: 48
[2020-01-16 00:20:41] [info   ] [Setup] Start setting up pipeline...
[2020-01-16 00:20:41] [info   ] [Setup] Loading jars from directory /mnt/Linux-Analyses/MailCrawler/instance0/kh/plugins
[2020-01-16 00:20:41] [info   ] [Setup] IncrementalAnalysesInfrastructure.jar version: Built at 2019-12-12 13:33:10
[2020-01-16 00:20:41] [info   ] [Setup] UndertakerExtractor.jar version: Built at 2019-11-28 14:31:37
[2020-01-16 00:20:41] [info   ] [Setup] CnfUtils.jar version: Built at 2019-11-28 14:35:46
[2020-01-16 00:20:41] [info   ] [Setup] KconfigReaderExtractor.jar version: Built at 2019-11-28 14:33:44
[2020-01-16 00:20:41] [info   ] [Setup] CppUtils.jar version: Built at 2019-11-28 14:35:21
[2020-01-16 00:20:41] [info   ] [Setup] ProblemSolutionSpaceDivergenceCorrectorAnalysis.jar version: Built at 2019-11-28 16:37:10
[2020-01-16 00:20:41] [info   ] [Setup] TypeChefExtractor.jar version: Built at 2019-11-28 14:31:53
[2020-01-16 00:20:41] [info   ] [Setup] ProblemSolutionSpaceMapperAnalysis.jar version: Built at 2019-11-28 16:11:10
[2020-01-16 00:20:41] [info   ] [Setup] DBUtils.jar version: Built at 2019-11-28 14:35:09
[2020-01-16 00:20:41] [info   ] [Setup] IOUtils.jar version: Built at 2019-11-28 14:34:16
[2020-01-16 00:20:41] [info   ] [Setup] FeatureEffectAnalysis.jar version: Built at 2019-11-28 14:34:47
[2020-01-16 00:20:41] [info   ] [Setup] SrcMLExtractor.jar version: Built at 2019-11-28 14:32:21
[2020-01-16 00:20:41] [info   ] [Setup] BusybootPreparation.jar version: Built at 2019-11-28 14:36:12
[2020-01-16 00:20:41] [info   ] [Setup] ProblemSolutionSpaceDivergenceDetectorAnalysis.jar version: Built at 2019-11-28 16:32:10
[2020-01-16 00:20:41] [info   ] [Setup] MetricHaven.jar version: Built at 2020-01-15 10:20:10
[2020-01-16 00:20:41] [info   ] [Setup] CodeBlockExtractor.jar version: Built at 2019-11-28 14:35:37
[2020-01-16 00:20:41] [info   ] [Setup] UnDeadAnalyzer.jar version: Built at 2019-11-28 15:01:11
[2020-01-16 00:20:41] [info   ] [Setup] EntityLocatorAnalysis.jar version: Built at 2019-11-28 14:34:59
[2020-01-16 00:20:41] [info   ] [Setup] KbuildMinerExtractor.jar version: Built at 2019-11-28 14:33:56
[2020-01-16 00:20:41] [info   ] [Setup] Successfully loaded 19 jars
[2020-01-16 00:20:41] [info   ] [Setup] Loading all classes specified in loadClasses.txt ...
[2020-01-16 00:20:41] [info   ] [Setup] Loaded 4 classes specified in loadClasses.txt files
[2020-01-16 00:20:41] [info   ] [Setup] Instantiating extractors...
[2020-01-16 00:20:41] [info   ] [Setup] Successfully instantiated variability extractor net.ssehub.kernel_haven.kconfigreader.KconfigReaderExtractor
[2020-01-16 00:20:41] [info   ] [Setup] Successfully instantiated build extractor net.ssehub.kernel_haven.kbuildminer.KbuildMinerExtractor
[2020-01-16 00:20:41] [info   ] [Setup] Successfully instantiated code extractor net.ssehub.kernel_haven.srcml.SrcMLExtractor
[2020-01-16 00:20:41] [info   ] [Setup] Creating providers...
[2020-01-16 00:20:41] [info   ] [Setup] Created variability provider
[2020-01-16 00:20:41] [info   ] [Setup] Created build provider
[2020-01-16 00:20:41] [info   ] [Setup] Created code provider
[2020-01-16 00:20:41] [info   ] [Setup] Instantiating analysis...
[2020-01-16 00:20:41] [info   ] [Setup] Successfully instantiated analysis net.ssehub.kernel_haven.metric_haven.metric_components.MetricsRunner
[2020-01-16 00:20:41] [info   ] [Setup] Starting analysis...
[2020-01-16 00:20:41] [info   ] [AnalysisPipelineController] MetricHaven executes atomic set and ignores further metric-specific configuration settings.
[2020-01-16 00:20:41] [status ] [KconfigReaderExtractor] Starting on 1 targets in 1 threads
[2020-01-16 00:20:41] [info   ] [IndividualCodeMetricsRunner] Analysis component IndividualCodeMetricsRunner starting
[2020-01-16 00:20:41] [status ] [KbuildMinerExtractor] Starting on 1 targets in 1 threads
[2020-01-16 00:20:42] [status ] [SrcMLExtractor] Starting on 36126 targets in 6 threads
[2020-01-16 00:21:11] [info   ] [ProgressLogger] KconfigReaderExtractor processed 0 of 1 (0%) items
                                                 KbuildMinerExtractor processed 0 of 1 (0%) items
                                                 SrcMLExtractor processed 8000 of 36126 (22%) items
[2020-01-16 00:21:23] [error  ] [KconfigReaderExtractor-1] Exception while parsing KconfigReader output:
                                                           net.ssehub.kernel_haven.util.FormatException: Found variable CONFIG_TEST_MODULE_MODULE in DIMACS but not in RSF
                                                               at net.ssehub.kernel_haven.kconfigreader.Converter.convert(Converter.java:146)
                                                               at net.ssehub.kernel_haven.kconfigreader.KconfigReaderExtractor.runOnFile(KconfigReaderExtractor.java:208)
                                                               at net.ssehub.kernel_haven.kconfigreader.KconfigReaderExtractor.runOnFile(KconfigReaderExtractor.java:58)
                                                               at net.ssehub.kernel_haven.provider.AbstractExtractor$WorkerThread.run(AbstractExtractor.java:142)
[2020-01-16 00:21:23] [error  ] [ExtractorDataDuplicator] Got VM-Extractor exception:
                                                          net.ssehub.kernel_haven.util.ExtractorException: net.ssehub.kernel_haven.util.FormatException: Found variable CONFIG_TEST_MODULE_MODULE in DIMACS but not in RSF
                                                              at net.ssehub.kernel_haven.kconfigreader.KconfigReaderExtractor.runOnFile(KconfigReaderExtractor.java:212)
                                                              at net.ssehub.kernel_haven.kconfigreader.KconfigReaderExtractor.runOnFile(KconfigReaderExtractor.java:58)
                                                              at net.ssehub.kernel_haven.provider.AbstractExtractor$WorkerThread.run(AbstractExtractor.java:142)
                                                          Caused by:
                                                          net.ssehub.kernel_haven.util.FormatException: Found variable CONFIG_TEST_MODULE_MODULE in DIMACS but not in RSF
                                                              at net.ssehub.kernel_haven.kconfigreader.Converter.convert(Converter.java:146)
                                                              at net.ssehub.kernel_haven.kconfigreader.KconfigReaderExtractor.runOnFile(KconfigReaderExtractor.java:208)
                                                              at net.ssehub.kernel_haven.kconfigreader.KconfigReaderExtractor.runOnFile(KconfigReaderExtractor.java:58)
                                                              at net.ssehub.kernel_haven.provider.AbstractExtractor$WorkerThread.run(AbstractExtractor.java:142)
[2020-01-16 00:21:23] [info   ] [ProgressLogger] KconfigReaderExtractor processed 1 of 1 (100%) items and finished in 00:42.186
                                                 KbuildMinerExtractor processed 0 of 1 (0%) items
                                                 SrcMLExtractor processed 11238 of 36126 (31%) items
[2020-01-16 00:21:53] [info   ] [ProgressLogger] KbuildMinerExtractor processed 0 of 1 (0%) items
                                                 SrcMLExtractor processed 16028 of 36126 (44%) items
[2020-01-16 00:21:59] [error  ] [ExtractorDataDuplicator] Got BM-Extractor exception:
                                                          net.ssehub.kernel_haven.util.ExtractorException: Did not get a variability model
                                                              at net.ssehub.kernel_haven.kbuildminer.KbuildMinerExtractor.runOnFile(KbuildMinerExtractor.java:112)
                                                              at net.ssehub.kernel_haven.kbuildminer.KbuildMinerExtractor.runOnFile(KbuildMinerExtractor.java:44)
                                                              at net.ssehub.kernel_haven.provider.AbstractExtractor$WorkerThread.run(AbstractExtractor.java:142)
[2020-01-16 00:21:59] [info   ] [ProgressLogger] KbuildMinerExtractor processed 1 of 1 (100%) items and finished in 01:17.825
                                                 SrcMLExtractor processed 16836 of 36126 (46%) items
[2020-01-16 00:21:59] [info   ] [FunctionMapCreator] Analysis component FunctionMapCreator starting
[2020-01-16 00:21:59] [info   ] [VariabilityCounter] Analysis component VariabilityCounter starting
[2020-01-16 00:21:59] [info   ] [FeatureSizeEstimator] Analysis component FeatureSizeEstimator starting
[2020-01-16 00:21:59] [error  ] [VariabilityCounter] Did not get a variability model
                                                     Can't create any results
[2020-01-16 00:21:59] [info   ] [VariabilityCounter] Analysis component VariabilityCounter done
                                                     Execution took 00:00.001
[2020-01-16 00:21:59] [error  ] [FeatureSizeEstimator] Did not get a variability model
                                                       Can't create any results
[2020-01-16 00:21:59] [info   ] [FeatureSizeEstimator] Analysis component FeatureSizeEstimator done
                                                       Execution took 00:00.001
[2020-01-16 00:21:59] [info   ] [OrderedCodeFunctionFilter] Analysis component OrderedCodeFunctionFilter starting
[2020-01-16 00:21:59] [info   ] [CodeFunctionFilter] Analysis component CodeFunctionFilter starting
[2020-01-16 00:22:29] [info   ] [ProgressLogger] SrcMLExtractor processed 19800 of 36126 (54%) items
                                                 CodeFunctionFilter processed 19691 items
[2020-01-16 00:22:59] [info   ] [ProgressLogger] SrcMLExtractor processed 22852 of 36126 (63%) items
                                                 CodeFunctionFilter processed 22729 items
[2020-01-16 00:23:29] [info   ] [ProgressLogger] SrcMLExtractor processed 26848 of 36126 (74%) items
                                                 CodeFunctionFilter processed 26714 items
[2020-01-16 00:23:59] [info   ] [ProgressLogger] SrcMLExtractor processed 30109 of 36126 (83%) items
                                                 CodeFunctionFilter processed 29961 items
[2020-01-16 00:24:29] [info   ] [ProgressLogger] SrcMLExtractor processed 33319 of 36126 (92%) items
                                                 CodeFunctionFilter processed 33155 items
[2020-01-16 00:24:51] [info   ] [ProgressLogger] SrcMLExtractor processed 36126 of 36126 (100%) items and finished in 04:09.834
                                                 CodeFunctionFilter processed 35941 items
[2020-01-16 00:24:52] [warning] [ExtractorDataDuplicator] CM-Extractor: Got 35942 elements and 184 exceptions
[2020-01-16 00:24:52] [info   ] [CodeFunctionFilter] Discarded 3639 functions that contained an ErrorElement
[2020-01-16 00:24:52] [info   ] [CodeFunctionFilter] Analysis component CodeFunctionFilter done
                                                     Execution took 02:52.405
[2020-01-16 00:24:52] [info   ] [ProgressLogger] CodeFunctionFilter processed 35942 items and finished in 02:52.405
[2020-01-16 00:24:52] [info   ] [ProgressLogger] OrderedCodeFunctionFilter processed 2443247 items and finished in 00:00.845
[2020-01-16 00:24:52] [info   ] [OrderedCodeFunctionFilter] Analysis component OrderedCodeFunctionFilter done
                                                            Execution took 02:53.251
[2020-01-16 00:25:00] [info   ] [ProgressLogger] FunctionMapCreator processed 408883 of 408883 (100%) items and finished in 00:06.839
[2020-01-16 00:25:00] [info   ] [FunctionMapCreator] Analysis component FunctionMapCreator done
                                                     Execution took 03:00.570
[2020-01-16 00:25:00] [error  ] [IndividualCodeMetricsRunner] Could not create metric instances:
                                                              net.ssehub.kernel_haven.SetUpException: ScatteringWeight requires a ScatteringDegreeContainer
                                                                  at net.ssehub.kernel_haven.metric_haven.metric_components.weights.ScatteringWeight.<init>(ScatteringWeight.java:46)
                                                                  at net.ssehub.kernel_haven.metric_haven.metric_components.weights.CachedWeightFactory.createSdWeight(CachedWeightFactory.java:62)
                                                                  at net.ssehub.kernel_haven.metric_haven.metric_components.weights.CachedWeightFactory.createVariabilityWeight(CachedWeightFactory.java:347)
                                                                  at net.ssehub.kernel_haven.metric_haven.metric_components.weights.CachedWeightFactory.createVariabilityWeight(CachedWeightFactory.java:434)
                                                                  at net.ssehub.kernel_haven.metric_haven.code_metrics.MetricFactory.createAllVariations(MetricFactory.java:683)
                                                                  at net.ssehub.kernel_haven.metric_haven.metric_components.IndividualCodeMetricsRunner.createAllAtomicVariations(IndividualCodeMetricsRunner.java:342)
                                                                  at net.ssehub.kernel_haven.metric_haven.metric_components.IndividualCodeMetricsRunner.instantiateMetrics(IndividualCodeMetricsRunner.java:587)
                                                                  at net.ssehub.kernel_haven.metric_haven.metric_components.CodeMetricsRunner.execute(CodeMetricsRunner.java:353)
                                                                  at net.ssehub.kernel_haven.analysis.AnalysisComponent.lambda$start$0(AnalysisComponent.java:229)
                                                                  at java.lang.Thread.run(Thread.java:748)
[2020-01-16 00:25:00] [info   ] [IndividualCodeMetricsRunner] Analysis component IndividualCodeMetricsRunner done
                                                              Execution took 04:18.408
[2020-01-16 00:25:00] [info   ] [Setup] Analysis has finished
[2020-01-16 00:25:00] [info   ] [Setup] Not archiving pipeline (not enabled by user)
[2020-01-16 00:25:00] [status ] [Setup] Pipeline done; exiting...
