[2020-01-16 00:38:20] [info   ] [Setup] Start executing KernelHaven with configuration file /tmp/SingleMetricAnalysis3837222862654835638.properties
[2020-01-16 00:38:20] [info   ] [Setup] System Info:
                                        	KernelHaven Version: Built at 2019-11-28 14:29:10
                                        	OS Name: Linux
                                        	OS Version: 4.4.0-169-generic
                                        	OS Arch: amd64
                                        	Java Home: /usr/lib/jvm/java-8-oracle/jre
                                        	Java Vendor: Oracle Corporation
                                        	Java Version: 1.8.0_201
                                        	Java VM Name: Java HotSpot(TM) 64-Bit Server VM
                                        	Java VM Version: 25.201-b09
                                        	Java VM Vendor: Oracle Corporation
                                        	Working Directory: /mnt/Linux-Analyses/MailCrawler/instance0/kh
                                        	Temporary Directory: /mnt/Linux-Analyses/MailCrawler/instance0/kh/tmp
                                        	File Encoding: UTF-8
                                        	Java Class Path: KernelHaven.jar
                                        	Maximum Memory: 38.33 GiB
                                        	Available Processors: 48
[2020-01-16 00:38:20] [info   ] [Setup] Start setting up pipeline...
[2020-01-16 00:38:20] [info   ] [Setup] Loading jars from directory /mnt/Linux-Analyses/MailCrawler/instance0/kh/plugins
[2020-01-16 00:38:20] [info   ] [Setup] IncrementalAnalysesInfrastructure.jar version: Built at 2019-12-12 13:33:10
[2020-01-16 00:38:20] [info   ] [Setup] UndertakerExtractor.jar version: Built at 2019-11-28 14:31:37
[2020-01-16 00:38:20] [info   ] [Setup] CnfUtils.jar version: Built at 2019-11-28 14:35:46
[2020-01-16 00:38:20] [info   ] [Setup] KconfigReaderExtractor.jar version: Built at 2019-11-28 14:33:44
[2020-01-16 00:38:20] [info   ] [Setup] CppUtils.jar version: Built at 2019-11-28 14:35:21
[2020-01-16 00:38:20] [info   ] [Setup] ProblemSolutionSpaceDivergenceCorrectorAnalysis.jar version: Built at 2019-11-28 16:37:10
[2020-01-16 00:38:20] [info   ] [Setup] TypeChefExtractor.jar version: Built at 2019-11-28 14:31:53
[2020-01-16 00:38:20] [info   ] [Setup] ProblemSolutionSpaceMapperAnalysis.jar version: Built at 2019-11-28 16:11:10
[2020-01-16 00:38:20] [info   ] [Setup] DBUtils.jar version: Built at 2019-11-28 14:35:09
[2020-01-16 00:38:20] [info   ] [Setup] IOUtils.jar version: Built at 2019-11-28 14:34:16
[2020-01-16 00:38:20] [info   ] [Setup] FeatureEffectAnalysis.jar version: Built at 2019-11-28 14:34:47
[2020-01-16 00:38:20] [info   ] [Setup] SrcMLExtractor.jar version: Built at 2019-11-28 14:32:21
[2020-01-16 00:38:20] [info   ] [Setup] BusybootPreparation.jar version: Built at 2019-11-28 14:36:12
[2020-01-16 00:38:20] [info   ] [Setup] ProblemSolutionSpaceDivergenceDetectorAnalysis.jar version: Built at 2019-11-28 16:32:10
[2020-01-16 00:38:20] [info   ] [Setup] MetricHaven.jar version: Built at 2020-01-15 10:20:10
[2020-01-16 00:38:20] [info   ] [Setup] CodeBlockExtractor.jar version: Built at 2019-11-28 14:35:37
[2020-01-16 00:38:20] [info   ] [Setup] UnDeadAnalyzer.jar version: Built at 2019-11-28 15:01:11
[2020-01-16 00:38:20] [info   ] [Setup] EntityLocatorAnalysis.jar version: Built at 2019-11-28 14:34:59
[2020-01-16 00:38:20] [info   ] [Setup] KbuildMinerExtractor.jar version: Built at 2019-11-28 14:33:56
[2020-01-16 00:38:20] [info   ] [Setup] Successfully loaded 19 jars
[2020-01-16 00:38:20] [info   ] [Setup] Loading all classes specified in loadClasses.txt ...
[2020-01-16 00:38:20] [info   ] [Setup] Loaded 4 classes specified in loadClasses.txt files
[2020-01-16 00:38:20] [info   ] [Setup] Instantiating extractors...
[2020-01-16 00:38:20] [info   ] [Setup] Successfully instantiated variability extractor net.ssehub.kernel_haven.kconfigreader.KconfigReaderExtractor
[2020-01-16 00:38:20] [info   ] [Setup] Successfully instantiated build extractor net.ssehub.kernel_haven.kbuildminer.KbuildMinerExtractor
[2020-01-16 00:38:20] [info   ] [Setup] Successfully instantiated code extractor net.ssehub.kernel_haven.srcml.SrcMLExtractor
[2020-01-16 00:38:20] [info   ] [Setup] Creating providers...
[2020-01-16 00:38:20] [info   ] [Setup] Created variability provider
[2020-01-16 00:38:20] [info   ] [Setup] Created build provider
[2020-01-16 00:38:20] [info   ] [Setup] Created code provider
[2020-01-16 00:38:20] [info   ] [Setup] Instantiating analysis...
[2020-01-16 00:38:20] [info   ] [Setup] Successfully instantiated analysis net.ssehub.kernel_haven.metric_haven.metric_components.MetricsRunner
[2020-01-16 00:38:20] [info   ] [Setup] Starting analysis...
[2020-01-16 00:38:20] [info   ] [AnalysisPipelineController] MetricHaven executes atomic set and ignores further metric-specific configuration settings.
[2020-01-16 00:38:20] [status ] [KconfigReaderExtractor] Starting on 1 targets in 1 threads
[2020-01-16 00:38:20] [status ] [KbuildMinerExtractor] Starting on 1 targets in 1 threads
[2020-01-16 00:38:20] [info   ] [IndividualCodeMetricsRunner] Analysis component IndividualCodeMetricsRunner starting
[2020-01-16 00:38:20] [status ] [SrcMLExtractor] Starting on 36125 targets in 6 threads
[2020-01-16 00:38:50] [info   ] [ProgressLogger] KconfigReaderExtractor processed 0 of 1 (0%) items
                                                 KbuildMinerExtractor processed 0 of 1 (0%) items
                                                 SrcMLExtractor processed 6621 of 36125 (18%) items
[2020-01-16 00:39:10] [error  ] [KconfigReaderExtractor-1] Exception while parsing KconfigReader output:
                                                           net.ssehub.kernel_haven.util.FormatException: Found variable CONFIG_TEST_MODULE_MODULE in DIMACS but not in RSF
                                                               at net.ssehub.kernel_haven.kconfigreader.Converter.convert(Converter.java:146)
                                                               at net.ssehub.kernel_haven.kconfigreader.KconfigReaderExtractor.runOnFile(KconfigReaderExtractor.java:208)
                                                               at net.ssehub.kernel_haven.kconfigreader.KconfigReaderExtractor.runOnFile(KconfigReaderExtractor.java:58)
                                                               at net.ssehub.kernel_haven.provider.AbstractExtractor$WorkerThread.run(AbstractExtractor.java:142)
[2020-01-16 00:39:10] [error  ] [ExtractorDataDuplicator] Got VM-Extractor exception:
                                                          net.ssehub.kernel_haven.util.ExtractorException: net.ssehub.kernel_haven.util.FormatException: Found variable CONFIG_TEST_MODULE_MODULE in DIMACS but not in RSF
                                                              at net.ssehub.kernel_haven.kconfigreader.KconfigReaderExtractor.runOnFile(KconfigReaderExtractor.java:212)
                                                              at net.ssehub.kernel_haven.kconfigreader.KconfigReaderExtractor.runOnFile(KconfigReaderExtractor.java:58)
                                                              at net.ssehub.kernel_haven.provider.AbstractExtractor$WorkerThread.run(AbstractExtractor.java:142)
                                                          Caused by:
                                                          net.ssehub.kernel_haven.util.FormatException: Found variable CONFIG_TEST_MODULE_MODULE in DIMACS but not in RSF
                                                              at net.ssehub.kernel_haven.kconfigreader.Converter.convert(Converter.java:146)
                                                              at net.ssehub.kernel_haven.kconfigreader.KconfigReaderExtractor.runOnFile(KconfigReaderExtractor.java:208)
                                                              at net.ssehub.kernel_haven.kconfigreader.KconfigReaderExtractor.runOnFile(KconfigReaderExtractor.java:58)
                                                              at net.ssehub.kernel_haven.provider.AbstractExtractor$WorkerThread.run(AbstractExtractor.java:142)
[2020-01-16 00:39:10] [info   ] [ProgressLogger] KconfigReaderExtractor processed 1 of 1 (100%) items and finished in 00:49.802
                                                 KbuildMinerExtractor processed 0 of 1 (0%) items
                                                 SrcMLExtractor processed 11534 of 36125 (31%) items
[2020-01-16 00:39:40] [info   ] [ProgressLogger] KbuildMinerExtractor processed 0 of 1 (0%) items
                                                 SrcMLExtractor processed 16076 of 36125 (44%) items
[2020-01-16 00:39:50] [error  ] [ExtractorDataDuplicator] Got BM-Extractor exception:
                                                          net.ssehub.kernel_haven.util.ExtractorException: Did not get a variability model
                                                              at net.ssehub.kernel_haven.kbuildminer.KbuildMinerExtractor.runOnFile(KbuildMinerExtractor.java:112)
                                                              at net.ssehub.kernel_haven.kbuildminer.KbuildMinerExtractor.runOnFile(KbuildMinerExtractor.java:44)
                                                              at net.ssehub.kernel_haven.provider.AbstractExtractor$WorkerThread.run(AbstractExtractor.java:142)
[2020-01-16 00:39:50] [info   ] [ProgressLogger] KbuildMinerExtractor processed 1 of 1 (100%) items and finished in 01:30.138
                                                 SrcMLExtractor processed 17376 of 36125 (48%) items
[2020-01-16 00:39:50] [info   ] [FeatureSizeEstimator] Analysis component FeatureSizeEstimator starting
[2020-01-16 00:39:50] [info   ] [VariabilityCounter] Analysis component VariabilityCounter starting
[2020-01-16 00:39:50] [error  ] [FeatureSizeEstimator] Did not get a variability model
                                                       Can't create any results
[2020-01-16 00:39:50] [info   ] [FunctionMapCreator] Analysis component FunctionMapCreator starting
[2020-01-16 00:39:50] [info   ] [FeatureSizeEstimator] Analysis component FeatureSizeEstimator done
                                                       Execution took 00:00.001
[2020-01-16 00:39:50] [error  ] [VariabilityCounter] Did not get a variability model
                                                     Can't create any results
[2020-01-16 00:39:50] [info   ] [VariabilityCounter] Analysis component VariabilityCounter done
                                                     Execution took 00:00.001
[2020-01-16 00:39:50] [info   ] [OrderedCodeFunctionFilter] Analysis component OrderedCodeFunctionFilter starting
[2020-01-16 00:39:50] [info   ] [CodeFunctionFilter] Analysis component CodeFunctionFilter starting
[2020-01-16 00:40:20] [info   ] [ProgressLogger] SrcMLExtractor processed 20276 of 36125 (56%) items
                                                 CodeFunctionFilter processed 20164 items
[2020-01-16 00:40:50] [info   ] [ProgressLogger] SrcMLExtractor processed 24031 of 36125 (66%) items
                                                 CodeFunctionFilter processed 22774 items
[2020-01-16 00:41:20] [info   ] [ProgressLogger] SrcMLExtractor processed 28093 of 36125 (77%) items
                                                 CodeFunctionFilter processed 27958 items
[2020-01-16 00:41:50] [info   ] [ProgressLogger] SrcMLExtractor processed 31636 of 36125 (87%) items
                                                 CodeFunctionFilter processed 31482 items
[2020-01-16 00:42:20] [info   ] [ProgressLogger] SrcMLExtractor processed 35792 of 36125 (99%) items
                                                 CodeFunctionFilter processed 35608 items
[2020-01-16 00:42:22] [info   ] [ProgressLogger] SrcMLExtractor processed 36125 of 36125 (100%) items and finished in 04:01.917
                                                 CodeFunctionFilter processed 35940 items
[2020-01-16 00:42:22] [warning] [ExtractorDataDuplicator] CM-Extractor: Got 35941 elements and 184 exceptions
[2020-01-16 00:42:22] [info   ] [CodeFunctionFilter] Discarded 3639 functions that contained an ErrorElement
[2020-01-16 00:42:22] [info   ] [CodeFunctionFilter] Analysis component CodeFunctionFilter done
                                                     Execution took 02:32.207
[2020-01-16 00:42:22] [info   ] [ProgressLogger] CodeFunctionFilter processed 35941 items and finished in 02:32.207
[2020-01-16 00:42:23] [info   ] [ProgressLogger] OrderedCodeFunctionFilter processed 2447547 items and finished in 00:00.839
[2020-01-16 00:42:23] [info   ] [OrderedCodeFunctionFilter] Analysis component OrderedCodeFunctionFilter done
                                                            Execution took 02:33.048
[2020-01-16 00:42:30] [info   ] [FunctionMapCreator] Analysis component FunctionMapCreator done
                                                     Execution took 02:40.291
[2020-01-16 00:42:30] [info   ] [ProgressLogger] FunctionMapCreator processed 408856 of 408856 (100%) items and finished in 00:06.762
[2020-01-16 00:42:31] [error  ] [IndividualCodeMetricsRunner] Could not create metric instances:
                                                              net.ssehub.kernel_haven.SetUpException: ScatteringWeight requires a ScatteringDegreeContainer
                                                                  at net.ssehub.kernel_haven.metric_haven.metric_components.weights.ScatteringWeight.<init>(ScatteringWeight.java:46)
                                                                  at net.ssehub.kernel_haven.metric_haven.metric_components.weights.CachedWeightFactory.createSdWeight(CachedWeightFactory.java:62)
                                                                  at net.ssehub.kernel_haven.metric_haven.metric_components.weights.CachedWeightFactory.createVariabilityWeight(CachedWeightFactory.java:347)
                                                                  at net.ssehub.kernel_haven.metric_haven.metric_components.weights.CachedWeightFactory.createVariabilityWeight(CachedWeightFactory.java:434)
                                                                  at net.ssehub.kernel_haven.metric_haven.code_metrics.MetricFactory.createAllVariations(MetricFactory.java:683)
                                                                  at net.ssehub.kernel_haven.metric_haven.metric_components.IndividualCodeMetricsRunner.createAllAtomicVariations(IndividualCodeMetricsRunner.java:342)
                                                                  at net.ssehub.kernel_haven.metric_haven.metric_components.IndividualCodeMetricsRunner.instantiateMetrics(IndividualCodeMetricsRunner.java:587)
                                                                  at net.ssehub.kernel_haven.metric_haven.metric_components.CodeMetricsRunner.execute(CodeMetricsRunner.java:353)
                                                                  at net.ssehub.kernel_haven.analysis.AnalysisComponent.lambda$start$0(AnalysisComponent.java:229)
                                                                  at java.lang.Thread.run(Thread.java:748)
[2020-01-16 00:42:31] [info   ] [IndividualCodeMetricsRunner] Analysis component IndividualCodeMetricsRunner done
                                                              Execution took 04:10.444
[2020-01-16 00:42:31] [info   ] [Setup] Analysis has finished
[2020-01-16 00:42:31] [info   ] [Setup] Not archiving pipeline (not enabled by user)
[2020-01-16 00:42:31] [status ] [Setup] Pipeline done; exiting...
