[2020-01-20 13:21:50] [info   ] [Setup] Start executing KernelHaven with configuration file /tmp/SingleMetricAnalysis8889351999467499983.properties
[2020-01-20 13:21:50] [info   ] [Setup] System Info:
                                        	KernelHaven Version: Built at 2019-11-28 14:29:10
                                        	OS Name: Linux
                                        	OS Version: 4.4.0-170-generic
                                        	OS Arch: amd64
                                        	Java Home: /usr/lib/jvm/java-8-oracle/jre
                                        	Java Vendor: Oracle Corporation
                                        	Java Version: 1.8.0_201
                                        	Java VM Name: Java HotSpot(TM) 64-Bit Server VM
                                        	Java VM Version: 25.201-b09
                                        	Java VM Vendor: Oracle Corporation
                                        	Working Directory: /mnt/Linux-Analyses/MailCrawler/instance2/kh
                                        	Temporary Directory: /mnt/Linux-Analyses/MailCrawler/instance2/kh/tmp
                                        	File Encoding: UTF-8
                                        	Java Class Path: KernelHaven.jar
                                        	Maximum Memory: 38.33 GiB
                                        	Available Processors: 40
[2020-01-20 13:21:50] [info   ] [Setup] Start setting up pipeline...
[2020-01-20 13:21:50] [info   ] [Setup] Loading jars from directory /mnt/Linux-Analyses/MailCrawler/instance2/kh/plugins
[2020-01-20 13:21:50] [info   ] [Setup] IncrementalAnalysesInfrastructure.jar version: Built at 2019-12-12 13:33:10
[2020-01-20 13:21:50] [info   ] [Setup] UndertakerExtractor.jar version: Built at 2019-11-28 14:31:37
[2020-01-20 13:21:50] [info   ] [Setup] CnfUtils.jar version: Built at 2019-11-28 14:35:46
[2020-01-20 13:21:50] [info   ] [Setup] KconfigReaderExtractor.jar version: Built at 2019-11-28 14:33:44
[2020-01-20 13:21:50] [info   ] [Setup] CppUtils.jar version: Built at 2019-11-28 14:35:21
[2020-01-20 13:21:50] [info   ] [Setup] ProblemSolutionSpaceDivergenceCorrectorAnalysis.jar version: Built at 2019-11-28 16:37:10
[2020-01-20 13:21:50] [info   ] [Setup] TypeChefExtractor.jar version: Built at 2019-11-28 14:31:53
[2020-01-20 13:21:50] [info   ] [Setup] ProblemSolutionSpaceMapperAnalysis.jar version: Built at 2019-11-28 16:11:10
[2020-01-20 13:21:50] [info   ] [Setup] DBUtils.jar version: Built at 2019-11-28 14:35:09
[2020-01-20 13:21:50] [info   ] [Setup] IOUtils.jar version: Built at 2019-11-28 14:34:16
[2020-01-20 13:21:50] [info   ] [Setup] FeatureEffectAnalysis.jar version: Built at 2019-11-28 14:34:47
[2020-01-20 13:21:50] [info   ] [Setup] SrcMLExtractor.jar version: Built at 2019-11-28 14:32:21
[2020-01-20 13:21:50] [info   ] [Setup] BusybootPreparation.jar version: Built at 2019-11-28 14:36:12
[2020-01-20 13:21:50] [info   ] [Setup] ProblemSolutionSpaceDivergenceDetectorAnalysis.jar version: Built at 2019-11-28 16:32:10
[2020-01-20 13:21:50] [info   ] [Setup] MetricHaven.jar version: Built at 2020-01-15 10:20:10
[2020-01-20 13:21:50] [info   ] [Setup] CodeBlockExtractor.jar version: Built at 2019-11-28 14:35:37
[2020-01-20 13:21:50] [info   ] [Setup] UnDeadAnalyzer.jar version: Built at 2019-11-28 15:01:11
[2020-01-20 13:21:50] [info   ] [Setup] EntityLocatorAnalysis.jar version: Built at 2019-11-28 14:34:59
[2020-01-20 13:21:50] [info   ] [Setup] KbuildMinerExtractor.jar version: Built at 2019-11-28 14:33:56
[2020-01-20 13:21:50] [info   ] [Setup] Successfully loaded 19 jars
[2020-01-20 13:21:50] [info   ] [Setup] Loading all classes specified in loadClasses.txt ...
[2020-01-20 13:21:50] [info   ] [Setup] Loaded 4 classes specified in loadClasses.txt files
[2020-01-20 13:21:50] [info   ] [Setup] Instantiating extractors...
[2020-01-20 13:21:50] [info   ] [Setup] Successfully instantiated variability extractor net.ssehub.kernel_haven.kconfigreader.KconfigReaderExtractor
[2020-01-20 13:21:50] [info   ] [Setup] Successfully instantiated build extractor net.ssehub.kernel_haven.kbuildminer.KbuildMinerExtractor
[2020-01-20 13:21:50] [info   ] [Setup] Successfully instantiated code extractor net.ssehub.kernel_haven.srcml.SrcMLExtractor
[2020-01-20 13:21:50] [info   ] [Setup] Creating providers...
[2020-01-20 13:21:50] [info   ] [Setup] Created variability provider
[2020-01-20 13:21:50] [info   ] [Setup] Created build provider
[2020-01-20 13:21:50] [info   ] [Setup] Created code provider
[2020-01-20 13:21:50] [info   ] [Setup] Instantiating analysis...
[2020-01-20 13:21:50] [info   ] [Setup] Successfully instantiated analysis net.ssehub.kernel_haven.metric_haven.metric_components.MetricsRunner
[2020-01-20 13:21:50] [info   ] [Setup] Starting analysis...
[2020-01-20 13:21:50] [info   ] [AnalysisPipelineController] MetricHaven executes atomic set and ignores further metric-specific configuration settings.
[2020-01-20 13:21:50] [status ] [KbuildMinerExtractor] Starting on 1 targets in 1 threads
[2020-01-20 13:21:50] [status ] [KconfigReaderExtractor] Starting on 1 targets in 1 threads
[2020-01-20 13:21:50] [info   ] [IndividualCodeMetricsRunner] Analysis component IndividualCodeMetricsRunner starting
[2020-01-20 13:21:51] [status ] [SrcMLExtractor] Starting on 36314 targets in 6 threads
[2020-01-20 13:22:20] [info   ] [ProgressLogger] KbuildMinerExtractor processed 0 of 1 (0%) items
                                                 KconfigReaderExtractor processed 0 of 1 (0%) items
                                                 SrcMLExtractor processed 5997 of 36314 (16%) items
[2020-01-20 13:22:42] [error  ] [KconfigReaderExtractor-1] Exception while parsing KconfigReader output:
                                                           net.ssehub.kernel_haven.util.FormatException: Found variable CONFIG_TEST_MODULE_MODULE in DIMACS but not in RSF
                                                               at net.ssehub.kernel_haven.kconfigreader.Converter.convert(Converter.java:146)
                                                               at net.ssehub.kernel_haven.kconfigreader.KconfigReaderExtractor.runOnFile(KconfigReaderExtractor.java:208)
                                                               at net.ssehub.kernel_haven.kconfigreader.KconfigReaderExtractor.runOnFile(KconfigReaderExtractor.java:58)
                                                               at net.ssehub.kernel_haven.provider.AbstractExtractor$WorkerThread.run(AbstractExtractor.java:142)
[2020-01-20 13:22:42] [error  ] [ExtractorDataDuplicator] Got VM-Extractor exception:
                                                          net.ssehub.kernel_haven.util.ExtractorException: net.ssehub.kernel_haven.util.FormatException: Found variable CONFIG_TEST_MODULE_MODULE in DIMACS but not in RSF
                                                              at net.ssehub.kernel_haven.kconfigreader.KconfigReaderExtractor.runOnFile(KconfigReaderExtractor.java:212)
                                                              at net.ssehub.kernel_haven.kconfigreader.KconfigReaderExtractor.runOnFile(KconfigReaderExtractor.java:58)
                                                              at net.ssehub.kernel_haven.provider.AbstractExtractor$WorkerThread.run(AbstractExtractor.java:142)
                                                          Caused by:
                                                          net.ssehub.kernel_haven.util.FormatException: Found variable CONFIG_TEST_MODULE_MODULE in DIMACS but not in RSF
                                                              at net.ssehub.kernel_haven.kconfigreader.Converter.convert(Converter.java:146)
                                                              at net.ssehub.kernel_haven.kconfigreader.KconfigReaderExtractor.runOnFile(KconfigReaderExtractor.java:208)
                                                              at net.ssehub.kernel_haven.kconfigreader.KconfigReaderExtractor.runOnFile(KconfigReaderExtractor.java:58)
                                                              at net.ssehub.kernel_haven.provider.AbstractExtractor$WorkerThread.run(AbstractExtractor.java:142)
[2020-01-20 13:22:42] [info   ] [ProgressLogger] KbuildMinerExtractor processed 0 of 1 (0%) items
                                                 KconfigReaderExtractor processed 1 of 1 (100%) items and finished in 00:51.839
                                                 SrcMLExtractor processed 10992 of 36314 (30%) items
[2020-01-20 13:22:59] [error  ] [ExtractorDataDuplicator] Got BM-Extractor exception:
                                                          net.ssehub.kernel_haven.util.ExtractorException: Did not get a variability model
                                                              at net.ssehub.kernel_haven.kbuildminer.KbuildMinerExtractor.runOnFile(KbuildMinerExtractor.java:112)
                                                              at net.ssehub.kernel_haven.kbuildminer.KbuildMinerExtractor.runOnFile(KbuildMinerExtractor.java:44)
                                                              at net.ssehub.kernel_haven.provider.AbstractExtractor$WorkerThread.run(AbstractExtractor.java:142)
[2020-01-20 13:22:59] [info   ] [ProgressLogger] KbuildMinerExtractor processed 1 of 1 (100%) items and finished in 01:09.268
                                                 SrcMLExtractor processed 13617 of 36314 (37%) items
[2020-01-20 13:22:59] [info   ] [VariabilityCounter] Analysis component VariabilityCounter starting
[2020-01-20 13:22:59] [info   ] [FunctionMapCreator] Analysis component FunctionMapCreator starting
[2020-01-20 13:22:59] [info   ] [FeatureSizeEstimator] Analysis component FeatureSizeEstimator starting
[2020-01-20 13:22:59] [error  ] [VariabilityCounter] Did not get a variability model
                                                     Can't create any results
[2020-01-20 13:22:59] [info   ] [VariabilityCounter] Analysis component VariabilityCounter done
                                                     Execution took 00:00.001
[2020-01-20 13:22:59] [error  ] [FeatureSizeEstimator] Did not get a variability model
                                                       Can't create any results
[2020-01-20 13:22:59] [info   ] [FeatureSizeEstimator] Analysis component FeatureSizeEstimator done
                                                       Execution took 00:00.002
[2020-01-20 13:22:59] [info   ] [OrderedCodeFunctionFilter] Analysis component OrderedCodeFunctionFilter starting
[2020-01-20 13:22:59] [info   ] [CodeFunctionFilter] Analysis component CodeFunctionFilter starting
[2020-01-20 13:23:29] [info   ] [ProgressLogger] SrcMLExtractor processed 17124 of 36314 (47%) items
                                                 CodeFunctionFilter processed 17034 items
[2020-01-20 13:23:59] [info   ] [ProgressLogger] SrcMLExtractor processed 20272 of 36314 (55%) items
                                                 CodeFunctionFilter processed 20167 items
[2020-01-20 13:24:29] [info   ] [ProgressLogger] SrcMLExtractor processed 23755 of 36314 (65%) items
                                                 CodeFunctionFilter processed 23634 items
[2020-01-20 13:24:59] [info   ] [ProgressLogger] SrcMLExtractor processed 26948 of 36314 (74%) items
                                                 CodeFunctionFilter processed 26809 items
[2020-01-20 13:25:29] [info   ] [ProgressLogger] SrcMLExtractor processed 30715 of 36314 (84%) items
                                                 CodeFunctionFilter processed 30561 items
[2020-01-20 13:25:59] [info   ] [ProgressLogger] SrcMLExtractor processed 34095 of 36314 (93%) items
                                                 CodeFunctionFilter processed 33920 items
[2020-01-20 13:26:18] [info   ] [ProgressLogger] SrcMLExtractor processed 36314 of 36314 (100%) items and finished in 04:27.530
                                                 CodeFunctionFilter processed 36127 items
[2020-01-20 13:26:18] [warning] [ExtractorDataDuplicator] CM-Extractor: Got 36128 elements and 186 exceptions
[2020-01-20 13:26:18] [info   ] [CodeFunctionFilter] Discarded 3590 functions that contained an ErrorElement
[2020-01-20 13:26:18] [info   ] [CodeFunctionFilter] Analysis component CodeFunctionFilter done
                                                     Execution took 03:18.777
[2020-01-20 13:26:18] [info   ] [ProgressLogger] CodeFunctionFilter processed 36128 items and finished in 03:18.777
[2020-01-20 13:26:19] [info   ] [OrderedCodeFunctionFilter] Analysis component OrderedCodeFunctionFilter done
                                                            Execution took 03:19.573
[2020-01-20 13:26:19] [info   ] [ProgressLogger] OrderedCodeFunctionFilter processed 2476863 items and finished in 00:00.794
[2020-01-20 13:26:27] [info   ] [FunctionMapCreator] Analysis component FunctionMapCreator done
                                                     Execution took 03:27.706
[2020-01-20 13:26:27] [info   ] [ProgressLogger] FunctionMapCreator processed 413939 of 413939 (100%) items and finished in 00:07.644
[2020-01-20 13:26:27] [error  ] [IndividualCodeMetricsRunner] Could not create metric instances:
                                                              net.ssehub.kernel_haven.SetUpException: ScatteringWeight requires a ScatteringDegreeContainer
                                                                  at net.ssehub.kernel_haven.metric_haven.metric_components.weights.ScatteringWeight.<init>(ScatteringWeight.java:46)
                                                                  at net.ssehub.kernel_haven.metric_haven.metric_components.weights.CachedWeightFactory.createSdWeight(CachedWeightFactory.java:62)
                                                                  at net.ssehub.kernel_haven.metric_haven.metric_components.weights.CachedWeightFactory.createVariabilityWeight(CachedWeightFactory.java:347)
                                                                  at net.ssehub.kernel_haven.metric_haven.metric_components.weights.CachedWeightFactory.createVariabilityWeight(CachedWeightFactory.java:434)
                                                                  at net.ssehub.kernel_haven.metric_haven.code_metrics.MetricFactory.createAllVariations(MetricFactory.java:683)
                                                                  at net.ssehub.kernel_haven.metric_haven.metric_components.IndividualCodeMetricsRunner.createAllAtomicVariations(IndividualCodeMetricsRunner.java:342)
                                                                  at net.ssehub.kernel_haven.metric_haven.metric_components.IndividualCodeMetricsRunner.instantiateMetrics(IndividualCodeMetricsRunner.java:587)
                                                                  at net.ssehub.kernel_haven.metric_haven.metric_components.CodeMetricsRunner.execute(CodeMetricsRunner.java:353)
                                                                  at net.ssehub.kernel_haven.analysis.AnalysisComponent.lambda$start$0(AnalysisComponent.java:229)
                                                                  at java.lang.Thread.run(Thread.java:748)
[2020-01-20 13:26:27] [info   ] [IndividualCodeMetricsRunner] Analysis component IndividualCodeMetricsRunner done
                                                              Execution took 04:36.984
[2020-01-20 13:26:27] [info   ] [Setup] Analysis has finished
[2020-01-20 13:26:27] [info   ] [Setup] Not archiving pipeline (not enabled by user)
[2020-01-20 13:26:27] [status ] [Setup] Pipeline done; exiting...
